2026-06-06 06:04:22,981 - IPTVCollector - INFO - 🚀 IPTV智能整理平台启动
2026-06-06 06:04:22,981 - IPTVCollector - INFO - 📡 配置：超时=10s, 并发=10, ffmpeg=True
2026-06-06 06:04:22,982 - IPTVCollector - INFO - 📋 增强过滤: demo=True, alias=True, blacklist=True
2026-06-06 06:04:22,987 - IPTVCollector - INFO - ✅ IP 数据库加载成功: /home/runner/work/ITV/ITV/qqwry.dat, 版本: ('纯真网络', '2024年09月25日IP数据')
2026-06-06 06:04:22,987 - IPTVCollector - INFO - ✅ IP解析器已就绪
2026-06-06 06:04:23,039 - IPTVCollector - INFO - ✅ 数据库缓存已启用: /home/runner/work/ITV/ITV/iptv_cache.db
2026-06-06 06:04:23,039 - IPTVCollector - INFO - 🧹 清理过期缓存: raw表保留24小时, speed表保留24小时
2026-06-06 06:04:23,039 - IPTVCollector - INFO - 
📥 执行增量源检测和拉取...
2026-06-06 06:04:23,041 - IPTVCollector - INFO - 🔄 源有更新，拉取: https://raw.githubusercontent.com/iptv-org/iptv/gh-pages/countries/cn.m3u
2026-06-06 06:04:23,042 - IPTVCollector - INFO - 🔄 源有更新，拉取: https://raw.githubusercontent.com/iptv-org/iptv/master/streams/cn.m3u
2026-06-06 06:04:23,042 - IPTVCollector - INFO - 🔄 源有更新，拉取: https://raw.githubusercontent.com/vbskycn/iptv/master/tv/iptv4.txt
2026-06-06 06:04:23,042 - IPTVCollector - INFO - 🔄 源有更新，拉取: https://raw.githubusercontent.com/zzgpy1/iptv-api/master/output/result.txt
2026-06-06 06:04:23,043 - IPTVCollector - INFO - 🔄 源有更新，拉取: https://raw.githubusercontent.com/dogwalkerg/IPTV-collect-tv-txt/main/others_output.txt
2026-06-06 06:04:23,043 - IPTVCollector - INFO - 🔄 源有更新，拉取: https://raw.githubusercontent.com/zzgpy1/Collect-IPTV/main/best_sorted.m3u
2026-06-06 06:04:23,043 - IPTVCollector - INFO - 🔄 源有更新，拉取: https://raw.githubusercontent.com/zzgpy1/UniIPTV/gh-pages/tv.m3u
2026-06-06 06:04:23,044 - IPTVCollector - INFO - 🔄 源有更新，拉取: https://tv.19860519.xyz/abc123
2026-06-06 06:04:23,321 - IPTVCollector - INFO - 📊 原始频道数（去重后）: 1391
2026-06-06 06:04:23,659 - IPTVCollector - INFO - ⚡ 测速: 1391 个新频道需探测，0 个来自缓存
2026-06-06 06:11:46,661 - IPTVCollector - INFO - ✅ 测速完成，有效频道 755/1391
2026-06-06 06:11:46,661 - IPTVCollector - INFO - 📊 通过HTTP测速的频道数: 755
2026-06-06 06:11:46,907 - IPTVCollector - INFO - 🔍 ffmpeg 深度验证: 755 个需要验证，0 个来自缓存
2026-06-06 06:30:38,148 - IPTVCollector - INFO - 🔍 ffmpeg 深度验证完成，通过 623/755 个频道
2026-06-06 06:30:38,148 - IPTVCollector - INFO - 📊 通过ffmpeg深度验证的频道数: 623
2026-06-06 06:30:38,727 - IPTVCollector - INFO - 💾 已保存 623 个频道源到数据库缓存
2026-06-06 06:30:38,732 - IPTVCollector - INFO - 📊 合并后的频道数: 544
2026-06-06 06:30:38,736 - IPTVCollector - INFO - 📊 黑名单过滤后: 525 (减少 19)
2026-06-06 06:30:38,941 - IPTVCollector - INFO - 📊 Demo筛选后: 354 (减少 171)
2026-06-06 06:30:38,941 - IPTVCollector - INFO - ✅ M3U 文件已生成: /home/runner/work/ITV/ITV/output/tv.m3u
2026-06-06 06:30:38,942 - IPTVCollector - INFO - ✅ TXT 文件已生成: /home/runner/work/ITV/ITV/output/tv.txt
2026-06-06 06:30:38,942 - IPTVCollector - INFO - 🎉 完成！有效频道总数: 354
2026-06-06 06:30:38,942 - IPTVCollector - INFO - 📊 统计信息已保存至 /home/runner/work/ITV/ITV/output/stats.json
2026-06-06 06:38:11,384 - IPTVCollector - INFO - 🚀 IPTV智能整理平台启动
2026-06-06 06:38:11,385 - IPTVCollector - INFO - 📡 配置：超时=10s, 并发=10, ffmpeg=True
2026-06-06 06:38:11,385 - IPTVCollector - INFO - 📋 增强过滤: demo=True, alias=True, blacklist=True
2026-06-06 06:38:11,390 - IPTVCollector - INFO - ✅ IP 数据库加载成功: /home/runner/work/ITV/ITV/qqwry.dat, 版本: ('纯真网络', '2024年09月25日IP数据')
2026-06-06 06:38:11,391 - IPTVCollector - INFO - ✅ IP解析器已就绪
2026-06-06 06:38:11,439 - IPTVCollector - INFO - ✅ 数据库缓存已启用: /home/runner/work/ITV/ITV/iptv_cache.db
2026-06-06 06:38:11,450 - IPTVCollector - INFO - 🧹 清理过期缓存: raw表保留24小时, speed表保留24小时
2026-06-06 06:38:11,450 - IPTVCollector - INFO - 
📥 执行增量源检测和拉取...
2026-06-06 06:38:11,452 - IPTVCollector - INFO - 🔄 源有更新，拉取: https://raw.githubusercontent.com/iptv-org/iptv/gh-pages/countries/cn.m3u
2026-06-06 06:38:11,452 - IPTVCollector - INFO - 🔄 源有更新，拉取: https://raw.githubusercontent.com/iptv-org/iptv/master/streams/cn.m3u
2026-06-06 06:38:11,452 - IPTVCollector - INFO - 🔄 源有更新，拉取: https://raw.githubusercontent.com/vbskycn/iptv/master/tv/iptv4.txt
2026-06-06 06:38:11,453 - IPTVCollector - INFO - 🔄 源有更新，拉取: https://raw.githubusercontent.com/zzgpy1/iptv-api/master/output/result.txt
2026-06-06 06:38:11,453 - IPTVCollector - INFO - 🔄 源有更新，拉取: https://raw.githubusercontent.com/dogwalkerg/IPTV-collect-tv-txt/main/others_output.txt
2026-06-06 06:38:11,453 - IPTVCollector - INFO - 🔄 源有更新，拉取: https://raw.githubusercontent.com/zzgpy1/Collect-IPTV/main/best_sorted.m3u
2026-06-06 06:38:11,454 - IPTVCollector - INFO - 🔄 源有更新，拉取: https://raw.githubusercontent.com/zzgpy1/UniIPTV/gh-pages/tv.m3u
2026-06-06 06:38:11,454 - IPTVCollector - INFO - 🔄 源有更新，拉取: https://tv.19860519.xyz/abc123
2026-06-06 06:38:11,743 - IPTVCollector - INFO - 📊 原始频道数（去重后）: 1391
2026-06-06 06:38:12,135 - IPTVCollector - INFO - ⚡ 测速: 636 个新频道需探测，755 个来自缓存
2026-06-06 06:44:24,047 - IPTVCollector - INFO - ✅ 测速完成，有效频道 758/1391
2026-06-06 06:44:24,047 - IPTVCollector - INFO - 📊 通过HTTP测速的频道数: 758
2026-06-06 06:44:24,320 - IPTVCollector - INFO - 🔍 ffmpeg 深度验证: 135 个需要验证，623 个来自缓存
2026-06-06 06:49:25,892 - IPTVCollector - INFO - 🔍 ffmpeg 深度验证完成，通过 668/758 个频道
2026-06-06 06:49:25,892 - IPTVCollector - INFO - 📊 通过ffmpeg深度验证的频道数: 668
2026-06-06 06:49:26,550 - IPTVCollector - INFO - 💾 已保存 668 个频道源到数据库缓存
2026-06-06 06:49:26,555 - IPTVCollector - INFO - 📊 合并后的频道数: 581
2026-06-06 06:49:26,559 - IPTVCollector - INFO - 📊 黑名单过滤后: 562 (减少 19)
2026-06-06 06:49:26,772 - IPTVCollector - INFO - 📊 Demo筛选后: 382 (减少 180)
2026-06-06 06:49:26,773 - IPTVCollector - INFO - ✅ M3U 文件已生成: /home/runner/work/ITV/ITV/output/tv.m3u
2026-06-06 06:49:26,773 - IPTVCollector - INFO - ✅ TXT 文件已生成: /home/runner/work/ITV/ITV/output/tv.txt
2026-06-06 06:49:26,773 - IPTVCollector - INFO - 🎉 完成！有效频道总数: 382
2026-06-06 06:49:26,774 - IPTVCollector - INFO - 📊 统计信息已保存至 /home/runner/work/ITV/ITV/output/stats.json
2026-06-06 06:59:00,692 - IPTVCollector - INFO - 🚀 IPTV智能整理平台启动
2026-06-06 06:59:00,692 - IPTVCollector - INFO - 📡 配置：超时=10s, 并发=10, ffmpeg=True
2026-06-06 06:59:00,692 - IPTVCollector - INFO - 📋 增强过滤: demo=True, alias=True, blacklist=True
2026-06-06 06:59:00,698 - IPTVCollector - INFO - ✅ IP 数据库加载成功: /home/runner/work/ITV/ITV/qqwry.dat, 版本: ('纯真网络', '2024年09月25日IP数据')
2026-06-06 06:59:00,699 - IPTVCollector - INFO - ✅ IP解析器已就绪
2026-06-06 06:59:00,750 - IPTVCollector - INFO - ✅ 数据库缓存已启用: /home/runner/work/ITV/ITV/iptv_cache.db
2026-06-06 06:59:00,760 - IPTVCollector - INFO - 🧹 清理过期缓存: raw表保留24小时, speed表保留24小时
2026-06-06 06:59:00,760 - IPTVCollector - INFO - 
📥 执行增量源检测和拉取...
2026-06-06 06:59:00,762 - IPTVCollector - INFO - 🔄 源有更新，拉取: https://raw.githubusercontent.com/iptv-org/iptv/gh-pages/countries/cn.m3u
2026-06-06 06:59:00,763 - IPTVCollector - INFO - 🔄 源有更新，拉取: https://raw.githubusercontent.com/iptv-org/iptv/master/streams/cn.m3u
2026-06-06 06:59:00,763 - IPTVCollector - INFO - 🔄 源有更新，拉取: https://raw.githubusercontent.com/vbskycn/iptv/master/tv/iptv4.txt
2026-06-06 06:59:00,763 - IPTVCollector - INFO - 🔄 源有更新，拉取: https://raw.githubusercontent.com/zzgpy1/iptv-api/master/output/result.txt
2026-06-06 06:59:00,763 - IPTVCollector - INFO - 🔄 源有更新，拉取: https://raw.githubusercontent.com/dogwalkerg/IPTV-collect-tv-txt/main/others_output.txt
2026-06-06 06:59:00,763 - IPTVCollector - INFO - 🔄 源有更新，拉取: https://raw.githubusercontent.com/zzgpy1/Collect-IPTV/main/best_sorted.m3u
2026-06-06 06:59:00,764 - IPTVCollector - INFO - 🔄 源有更新，拉取: https://raw.githubusercontent.com/zzgpy1/UniIPTV/gh-pages/tv.m3u
2026-06-06 06:59:00,764 - IPTVCollector - INFO - 🔄 源有更新，拉取: https://tv.19860519.xyz/abc123
2026-06-06 06:59:01,107 - IPTVCollector - INFO - 📊 原始频道数（去重后）: 1396
2026-06-06 06:59:01,347 - IPTVCollector - INFO - ⚡ 测速: 679 个新频道需探测，717 个来自缓存
2026-06-06 07:05:16,440 - IPTVCollector - INFO - ✅ 测速完成，有效频道 749/1396
2026-06-06 07:05:16,440 - IPTVCollector - INFO - 📊 通过HTTP测速的频道数: 749
2026-06-06 07:05:16,634 - IPTVCollector - INFO - 🔍 ffmpeg 深度验证: 115 个需要验证，634 个来自缓存
2026-06-06 07:09:08,098 - IPTVCollector - INFO - 🔍 ffmpeg 深度验证完成，通过 671/749 个频道
2026-06-06 07:09:08,098 - IPTVCollector - INFO - 📊 通过ffmpeg深度验证的频道数: 671
2026-06-06 07:09:08,689 - IPTVCollector - INFO - 💾 已保存 671 个频道源到数据库缓存
2026-06-06 07:09:08,695 - IPTVCollector - INFO - 📊 合并后的频道数: 592
2026-06-06 07:09:08,699 - IPTVCollector - INFO - 📊 黑名单过滤后: 573 (减少 19)
2026-06-06 07:09:08,908 - IPTVCollector - INFO - 📊 Demo筛选后: 389 (减少 184)
2026-06-06 07:09:08,909 - IPTVCollector - INFO - ✅ M3U 文件已生成: /home/runner/work/ITV/ITV/output/tv.m3u
2026-06-06 07:09:08,910 - IPTVCollector - INFO - ✅ TXT 文件已生成: /home/runner/work/ITV/ITV/output/tv.txt
2026-06-06 07:09:08,910 - IPTVCollector - INFO - 🎉 完成！有效频道总数: 389
2026-06-06 07:09:08,910 - IPTVCollector - INFO - 📊 统计信息已保存至 /home/runner/work/ITV/ITV/output/stats.json
2026-06-06 07:35:58,422 - IPTVCollector - INFO - 🚀 IPTV智能整理平台启动
2026-06-06 07:35:58,422 - IPTVCollector - INFO - 📡 配置：超时=10s, 并发=10, ffmpeg=True
2026-06-06 07:35:58,422 - IPTVCollector - INFO - 📋 增强过滤: demo=True, alias=True, blacklist=True
2026-06-06 07:35:58,428 - IPTVCollector - INFO - ✅ IP 数据库加载成功: /home/runner/work/ITV/ITV/qqwry.dat, 版本: ('纯真网络', '2024年09月25日IP数据')
2026-06-06 07:35:58,428 - IPTVCollector - INFO - ✅ IP解析器已就绪
2026-06-06 07:35:58,480 - IPTVCollector - INFO - ✅ 数据库缓存已启用: /home/runner/work/ITV/ITV/iptv_cache.db
2026-06-06 07:35:58,490 - IPTVCollector - INFO - 🧹 清理过期缓存: raw表保留24小时, speed表保留24小时
2026-06-06 07:35:58,490 - IPTVCollector - INFO - 
📥 执行增量源检测和拉取...
2026-06-06 07:35:58,492 - IPTVCollector - INFO - 🔄 源有更新，拉取: https://raw.githubusercontent.com/iptv-org/iptv/gh-pages/countries/cn.m3u
2026-06-06 07:35:58,492 - IPTVCollector - INFO - 🔄 源有更新，拉取: https://raw.githubusercontent.com/iptv-org/iptv/master/streams/cn.m3u
2026-06-06 07:35:58,492 - IPTVCollector - INFO - 🔄 源有更新，拉取: https://raw.githubusercontent.com/vbskycn/iptv/master/tv/iptv4.txt
2026-06-06 07:35:58,493 - IPTVCollector - INFO - 🔄 源有更新，拉取: https://raw.githubusercontent.com/zzgpy1/iptv-api/master/output/result.txt
2026-06-06 07:35:58,493 - IPTVCollector - INFO - 🔄 源有更新，拉取: https://raw.githubusercontent.com/dogwalkerg/IPTV-collect-tv-txt/main/others_output.txt
2026-06-06 07:35:58,494 - IPTVCollector - INFO - 🔄 源有更新，拉取: https://raw.githubusercontent.com/zzgpy1/Collect-IPTV/main/best_sorted.m3u
2026-06-06 07:35:58,494 - IPTVCollector - INFO - 🔄 源有更新，拉取: https://raw.githubusercontent.com/zzgpy1/UniIPTV/gh-pages/tv.m3u
2026-06-06 07:35:58,494 - IPTVCollector - INFO - 🔄 源有更新，拉取: https://raw.githubusercontent.com/YueChan/Live/main/IPTV.m3u
2026-06-06 07:35:58,494 - IPTVCollector - INFO - 🔄 源有更新，拉取: https://raw.githubusercontent.com/fanmingming/live/main/tv/m3u/ipv6.m3u
2026-06-06 07:35:58,494 - IPTVCollector - INFO - 🔄 源有更新，拉取: https://raw.githubusercontent.com/Kimentanm/aptv/master/m3u/iptv.m3u
2026-06-06 07:35:58,495 - IPTVCollector - INFO - 🔄 源有更新，拉取: https://tv.19860519.xyz/abc123
2026-06-06 07:35:58,893 - IPTVCollector - INFO - 📊 原始频道数（去重后）: 1543
2026-06-06 07:35:59,186 - IPTVCollector - INFO - ⚡ 测速: 794 个新频道需探测，749 个来自缓存
2026-06-06 07:42:14,997 - IPTVCollector - INFO - ✅ 测速完成，有效频道 753/1543
2026-06-06 07:42:14,997 - IPTVCollector - INFO - 📊 通过HTTP测速的频道数: 753
2026-06-06 07:42:15,195 - IPTVCollector - INFO - 🔍 ffmpeg 深度验证: 82 个需要验证，671 个来自缓存
2026-06-06 07:45:11,350 - IPTVCollector - INFO - 🔍 ffmpeg 深度验证完成，通过 678/753 个频道
2026-06-06 07:45:11,350 - IPTVCollector - INFO - 📊 通过ffmpeg深度验证的频道数: 678
2026-06-06 07:45:11,912 - IPTVCollector - INFO - 💾 已保存 678 个频道源到数据库缓存
2026-06-06 07:45:11,918 - IPTVCollector - INFO - 📊 合并后的频道数: 596
2026-06-06 07:45:11,923 - IPTVCollector - INFO - 📊 黑名单过滤后: 577 (减少 19)
2026-06-06 07:45:12,141 - IPTVCollector - INFO - 📊 Demo筛选后: 393 (减少 184)
2026-06-06 07:45:12,141 - IPTVCollector - INFO - 📝 未匹配频道示例（前20个，用于调试）：
2026-06-06 07:45:12,141 - IPTVCollector - INFO -   1. 春晚1986 (分类: 其他)
2026-06-06 07:45:12,141 - IPTVCollector - INFO -   2. 春晚1987 (分类: 其他)
2026-06-06 07:45:12,142 - IPTVCollector - INFO -   3. 春晚1989 (分类: 其他)
2026-06-06 07:45:12,142 - IPTVCollector - INFO -   4. 春晚1993 (分类: 其他)
2026-06-06 07:45:12,142 - IPTVCollector - INFO -   5. 春晚1994 (分类: 其他)
2026-06-06 07:45:12,142 - IPTVCollector - INFO -   6. 春晚1995 (分类: 其他)
2026-06-06 07:45:12,142 - IPTVCollector - INFO -   7. 春晚2000 (分类: 其他)
2026-06-06 07:45:12,142 - IPTVCollector - INFO -   8. 春晚2003 (分类: 其他)
2026-06-06 07:45:12,142 - IPTVCollector - INFO -   9. 春晚2004 (分类: 其他)
2026-06-06 07:45:12,142 - IPTVCollector - INFO -   10. 春晚2005 (分类: 其他)
2026-06-06 07:45:12,142 - IPTVCollector - INFO -   11. 春晚2006 (分类: 其他)
2026-06-06 07:45:12,142 - IPTVCollector - INFO -   12. 春晚2010 (分类: 其他)
2026-06-06 07:45:12,142 - IPTVCollector - INFO -   13. 春晚2011 (分类: 其他)
2026-06-06 07:45:12,142 - IPTVCollector - INFO -   14. 春晚2013 (分类: 其他)
2026-06-06 07:45:12,142 - IPTVCollector - INFO -   15. 春晚2014 (分类: 其他)
2026-06-06 07:45:12,143 - IPTVCollector - INFO -   16. 春晚2015 (分类: 其他)
2026-06-06 07:45:12,143 - IPTVCollector - INFO -   17. 春晚2017 (分类: 其他)
2026-06-06 07:45:12,143 - IPTVCollector - INFO -   18. 春晚2018 (分类: 其他)
2026-06-06 07:45:12,143 - IPTVCollector - INFO -   19. 春晚2019 (分类: 其他)
2026-06-06 07:45:12,143 - IPTVCollector - INFO -   20. 春晚2021 (分类: 其他)
2026-06-06 07:45:12,144 - IPTVCollector - INFO - ✅ M3U 文件已生成: /home/runner/work/ITV/ITV/output/tv.m3u
2026-06-06 07:45:12,145 - IPTVCollector - INFO - ✅ TXT 文件已生成: /home/runner/work/ITV/ITV/output/tv.txt
2026-06-06 07:45:12,145 - IPTVCollector - INFO - 🎉 完成！有效频道总数: 393
2026-06-06 07:45:12,145 - IPTVCollector - INFO - 📊 统计信息已保存至 /home/runner/work/ITV/ITV/output/stats.json
2026-06-06 08:15:16,727 - IPTVCollector - INFO - 🚀 IPTV智能整理平台启动
2026-06-06 08:15:16,727 - IPTVCollector - INFO - 📡 配置：超时=10s, 并发=10, ffmpeg=True
2026-06-06 08:15:16,727 - IPTVCollector - INFO - 📋 增强过滤: demo=True, alias=True, blacklist=True
2026-06-06 08:15:16,734 - IPTVCollector - INFO - ✅ IP 数据库加载成功: /home/runner/work/ITV/ITV/qqwry.dat, 版本: ('纯真网络', '2024年09月25日IP数据')
2026-06-06 08:15:16,735 - IPTVCollector - INFO - ✅ IP解析器已就绪
2026-06-06 08:15:16,775 - IPTVCollector - INFO - ✅ 数据库缓存已启用: /home/runner/work/ITV/ITV/iptv_cache.db
2026-06-06 08:15:16,783 - IPTVCollector - INFO - 🧹 清理过期缓存: raw表保留24小时, speed表保留24小时
2026-06-06 08:15:16,783 - IPTVCollector - INFO - 
📥 执行增量源检测和拉取...
2026-06-06 08:15:16,785 - IPTVCollector - INFO - 🔄 源有更新，拉取: https://raw.githubusercontent.com/iptv-org/iptv/gh-pages/countries/cn.m3u
2026-06-06 08:15:16,785 - IPTVCollector - INFO - 🔄 源有更新，拉取: https://raw.githubusercontent.com/iptv-org/iptv/master/streams/cn.m3u
2026-06-06 08:15:16,785 - IPTVCollector - INFO - 🔄 源有更新，拉取: https://raw.githubusercontent.com/vbskycn/iptv/master/tv/iptv4.txt
2026-06-06 08:15:16,785 - IPTVCollector - INFO - 🔄 源有更新，拉取: https://raw.githubusercontent.com/zzgpy1/iptv-api/master/output/result.txt
2026-06-06 08:15:16,786 - IPTVCollector - INFO - 🔄 源有更新，拉取: https://raw.githubusercontent.com/dogwalkerg/IPTV-collect-tv-txt/main/others_output.txt
2026-06-06 08:15:16,786 - IPTVCollector - INFO - 🔄 源有更新，拉取: https://raw.githubusercontent.com/zzgpy1/Collect-IPTV/main/best_sorted.m3u
2026-06-06 08:15:16,786 - IPTVCollector - INFO - 🔄 源有更新，拉取: https://raw.githubusercontent.com/zzgpy1/UniIPTV/gh-pages/tv.m3u
2026-06-06 08:15:16,786 - IPTVCollector - INFO - 🔄 源有更新，拉取: https://raw.githubusercontent.com/YueChan/Live/main/IPTV.m3u
2026-06-06 08:15:16,787 - IPTVCollector - INFO - 🔄 源有更新，拉取: https://raw.githubusercontent.com/fanmingming/live/main/tv/m3u/ipv6.m3u
2026-06-06 08:15:16,787 - IPTVCollector - INFO - 🔄 源有更新，拉取: https://raw.githubusercontent.com/Kimentanm/aptv/master/m3u/iptv.m3u
2026-06-06 08:15:16,787 - IPTVCollector - INFO - 🔄 源有更新，拉取: https://tv.19860519.xyz/abc123
2026-06-06 08:15:17,065 - IPTVCollector - INFO - 📊 原始频道数（去重后）: 1543
2026-06-06 08:15:17,336 - IPTVCollector - INFO - ⚡ 测速: 790 个新频道需探测，753 个来自缓存
2026-06-06 08:21:25,272 - IPTVCollector - INFO - ✅ 测速完成，有效频道 753/1543
2026-06-06 08:21:25,272 - IPTVCollector - INFO - 📊 通过HTTP测速的频道数: 753
2026-06-06 08:21:25,440 - IPTVCollector - INFO - 🔍 ffmpeg 深度验证: 75 个需要验证，678 个来自缓存
2026-06-06 08:24:11,548 - IPTVCollector - INFO - 🔍 ffmpeg 深度验证完成，通过 681/753 个频道
2026-06-06 08:24:11,548 - IPTVCollector - INFO - 📊 通过ffmpeg深度验证的频道数: 681
2026-06-06 08:24:12,210 - IPTVCollector - INFO - 💾 已保存 681 个频道源到数据库缓存
2026-06-06 08:24:12,215 - IPTVCollector - INFO - 📊 合并后的频道数: 598
2026-06-06 08:24:12,219 - IPTVCollector - INFO - 📊 黑名单过滤后: 579 (减少 19)
2026-06-06 08:24:12,453 - IPTVCollector - INFO - 📊 Demo筛选后: 395 (减少 184)
2026-06-06 08:24:12,453 - IPTVCollector - INFO - 📝 未匹配频道示例（前20个，用于调试）：
2026-06-06 08:24:12,453 - IPTVCollector - INFO -   1. 春晚1986 (分类: 其他)
2026-06-06 08:24:12,453 - IPTVCollector - INFO -   2. 春晚1987 (分类: 其他)
2026-06-06 08:24:12,454 - IPTVCollector - INFO -   3. 春晚1989 (分类: 其他)
2026-06-06 08:24:12,454 - IPTVCollector - INFO -   4. 春晚1993 (分类: 其他)
2026-06-06 08:24:12,454 - IPTVCollector - INFO -   5. 春晚1994 (分类: 其他)
2026-06-06 08:24:12,454 - IPTVCollector - INFO -   6. 春晚1995 (分类: 其他)
2026-06-06 08:24:12,454 - IPTVCollector - INFO -   7. 春晚2000 (分类: 其他)
2026-06-06 08:24:12,454 - IPTVCollector - INFO -   8. 春晚2003 (分类: 其他)
2026-06-06 08:24:12,454 - IPTVCollector - INFO -   9. 春晚2004 (分类: 其他)
2026-06-06 08:24:12,454 - IPTVCollector - INFO -   10. 春晚2005 (分类: 其他)
2026-06-06 08:24:12,454 - IPTVCollector - INFO -   11. 春晚2006 (分类: 其他)
2026-06-06 08:24:12,454 - IPTVCollector - INFO -   12. 春晚2010 (分类: 其他)
2026-06-06 08:24:12,454 - IPTVCollector - INFO -   13. 春晚2011 (分类: 其他)
2026-06-06 08:24:12,454 - IPTVCollector - INFO -   14. 春晚2013 (分类: 其他)
2026-06-06 08:24:12,454 - IPTVCollector - INFO -   15. 春晚2014 (分类: 其他)
2026-06-06 08:24:12,454 - IPTVCollector - INFO -   16. 春晚2015 (分类: 其他)
2026-06-06 08:24:12,454 - IPTVCollector - INFO -   17. 春晚2017 (分类: 其他)
2026-06-06 08:24:12,454 - IPTVCollector - INFO -   18. 春晚2018 (分类: 其他)
2026-06-06 08:24:12,454 - IPTVCollector - INFO -   19. 春晚2019 (分类: 其他)
2026-06-06 08:24:12,454 - IPTVCollector - INFO -   20. 春晚2021 (分类: 其他)
2026-06-06 08:24:12,459 - IPTVCollector - INFO - 
🎉 最终有效频道分类统计：
2026-06-06 08:24:12,459 - IPTVCollector - INFO -   央视: 20 个频道
2026-06-06 08:24:12,459 - IPTVCollector - INFO -   其他: 147 个频道
2026-06-06 08:24:12,459 - IPTVCollector - INFO -   卫视: 34 个频道
2026-06-06 08:24:12,459 - IPTVCollector - INFO -   港澳台: 49 个频道
2026-06-06 08:24:12,459 - IPTVCollector - INFO -   地方: 145 个频道
2026-06-06 08:24:12,460 - IPTVCollector - INFO - ✅ M3U 文件已生成: /home/runner/work/ITV/ITV/output/tv.m3u
2026-06-06 08:24:12,460 - IPTVCollector - INFO - ✅ TXT 文件已生成: /home/runner/work/ITV/ITV/output/tv.txt
2026-06-06 08:24:12,461 - IPTVCollector - INFO - 🎉 完成！有效频道总数: 395
2026-06-06 08:24:12,461 - IPTVCollector - INFO - 📊 统计信息已保存至 /home/runner/work/ITV/ITV/output/stats.json
2026-06-06 08:43:20,915 - IPTVCollector - INFO - 🚀 IPTV智能整理平台启动
2026-06-06 08:43:20,916 - IPTVCollector - INFO - 📡 配置：超时=10s, 并发=10, ffmpeg=True
2026-06-06 08:43:20,916 - IPTVCollector - INFO - 📋 增强过滤: demo=True, alias=True, blacklist=True
2026-06-06 08:43:20,921 - IPTVCollector - INFO - ✅ IP 数据库加载成功: /home/runner/work/ITV/ITV/qqwry.dat, 版本: ('纯真网络', '2024年09月25日IP数据')
2026-06-06 08:43:20,922 - IPTVCollector - INFO - ✅ IP解析器已就绪
2026-06-06 08:43:20,969 - IPTVCollector - INFO - ✅ 数据库缓存已启用: /home/runner/work/ITV/ITV/iptv_cache.db
2026-06-06 08:43:20,981 - IPTVCollector - INFO - 🧹 清理过期缓存: raw表保留24小时, speed表保留24小时
2026-06-06 08:43:20,981 - IPTVCollector - INFO - 
📥 执行增量源检测和拉取...
2026-06-06 08:43:20,983 - IPTVCollector - INFO - 🔄 源有更新，拉取: https://raw.githubusercontent.com/iptv-org/iptv/gh-pages/countries/cn.m3u
2026-06-06 08:43:20,984 - IPTVCollector - INFO - 🔄 源有更新，拉取: https://raw.githubusercontent.com/iptv-org/iptv/master/streams/cn.m3u
2026-06-06 08:43:20,985 - IPTVCollector - INFO - 🔄 源有更新，拉取: https://raw.githubusercontent.com/vbskycn/iptv/master/tv/iptv4.txt
2026-06-06 08:43:20,985 - IPTVCollector - INFO - 🔄 源有更新，拉取: https://raw.githubusercontent.com/zzgpy1/iptv-api/master/output/result.txt
2026-06-06 08:43:20,985 - IPTVCollector - INFO - 🔄 源有更新，拉取: https://raw.githubusercontent.com/dogwalkerg/IPTV-collect-tv-txt/main/others_output.txt
2026-06-06 08:43:20,986 - IPTVCollector - INFO - 🔄 源有更新，拉取: https://raw.githubusercontent.com/zzgpy1/Collect-IPTV/main/best_sorted.m3u
2026-06-06 08:43:20,986 - IPTVCollector - INFO - 🔄 源有更新，拉取: https://raw.githubusercontent.com/zzgpy1/UniIPTV/gh-pages/tv.m3u
2026-06-06 08:43:20,986 - IPTVCollector - INFO - 🔄 源有更新，拉取: https://raw.githubusercontent.com/YueChan/Live/main/IPTV.m3u
2026-06-06 08:43:20,986 - IPTVCollector - INFO - 🔄 源有更新，拉取: https://raw.githubusercontent.com/fanmingming/live/main/tv/m3u/ipv6.m3u
2026-06-06 08:43:20,987 - IPTVCollector - INFO - 🔄 源有更新，拉取: https://raw.githubusercontent.com/Kimentanm/aptv/master/m3u/iptv.m3u
2026-06-06 08:43:20,987 - IPTVCollector - INFO - 🔄 源有更新，拉取: https://tv.19860519.xyz/abc123
2026-06-06 08:43:21,431 - IPTVCollector - INFO - 📊 原始频道数（去重后）: 1543
2026-06-06 08:43:21,829 - IPTVCollector - INFO - ⚡ 测速: 790 个新频道需探测，753 个来自缓存
2026-06-06 08:49:21,608 - IPTVCollector - INFO - ✅ 测速完成，有效频道 754/1543
2026-06-06 08:49:21,608 - IPTVCollector - INFO - 📊 通过HTTP测速的频道数: 754
2026-06-06 08:49:21,826 - IPTVCollector - INFO - 🔍 ffmpeg 深度验证: 73 个需要验证，681 个来自缓存
2026-06-06 08:51:50,227 - IPTVCollector - INFO - 🔍 ffmpeg 深度验证完成，通过 690/754 个频道
2026-06-06 08:51:50,228 - IPTVCollector - INFO - 📊 通过ffmpeg深度验证的频道数: 690
2026-06-06 08:51:51,073 - IPTVCollector - INFO - 💾 已保存 690 个频道源到数据库缓存
2026-06-06 08:51:51,080 - IPTVCollector - INFO - 📊 合并后的频道数: 603
2026-06-06 08:51:51,085 - IPTVCollector - INFO - 📊 黑名单过滤后: 584 (减少 19)
2026-06-06 08:51:51,317 - IPTVCollector - INFO - 📊 Demo筛选后: 400 (减少 184)
2026-06-06 08:51:51,317 - IPTVCollector - INFO - 📝 未匹配频道示例（前20个，用于调试）：
2026-06-06 08:51:51,318 - IPTVCollector - INFO -   1. 春晚1986 (分类: 其他)
2026-06-06 08:51:51,318 - IPTVCollector - INFO -   2. 春晚1987 (分类: 其他)
2026-06-06 08:51:51,318 - IPTVCollector - INFO -   3. 春晚1989 (分类: 其他)
2026-06-06 08:51:51,318 - IPTVCollector - INFO -   4. 春晚1993 (分类: 其他)
2026-06-06 08:51:51,318 - IPTVCollector - INFO -   5. 春晚1994 (分类: 其他)
2026-06-06 08:51:51,318 - IPTVCollector - INFO -   6. 春晚1995 (分类: 其他)
2026-06-06 08:51:51,318 - IPTVCollector - INFO -   7. 春晚2000 (分类: 其他)
2026-06-06 08:51:51,318 - IPTVCollector - INFO -   8. 春晚2003 (分类: 其他)
2026-06-06 08:51:51,318 - IPTVCollector - INFO -   9. 春晚2004 (分类: 其他)
2026-06-06 08:51:51,318 - IPTVCollector - INFO -   10. 春晚2005 (分类: 其他)
2026-06-06 08:51:51,318 - IPTVCollector - INFO -   11. 春晚2006 (分类: 其他)
2026-06-06 08:51:51,319 - IPTVCollector - INFO -   12. 春晚2010 (分类: 其他)
2026-06-06 08:51:51,319 - IPTVCollector - INFO -   13. 春晚2011 (分类: 其他)
2026-06-06 08:51:51,319 - IPTVCollector - INFO -   14. 春晚2013 (分类: 其他)
2026-06-06 08:51:51,319 - IPTVCollector - INFO -   15. 春晚2014 (分类: 其他)
2026-06-06 08:51:51,319 - IPTVCollector - INFO -   16. 春晚2015 (分类: 其他)
2026-06-06 08:51:51,319 - IPTVCollector - INFO -   17. 春晚2017 (分类: 其他)
2026-06-06 08:51:51,319 - IPTVCollector - INFO -   18. 春晚2018 (分类: 其他)
2026-06-06 08:51:51,319 - IPTVCollector - INFO -   19. 春晚2019 (分类: 其他)
2026-06-06 08:51:51,319 - IPTVCollector - INFO -   20. 春晚2021 (分类: 其他)
2026-06-06 08:51:51,324 - IPTVCollector - INFO - 
🎉 最终有效频道分类统计：
2026-06-06 08:51:51,324 - IPTVCollector - INFO -   央视: 20 个频道
2026-06-06 08:51:51,324 - IPTVCollector - INFO -   其他: 150 个频道
2026-06-06 08:51:51,324 - IPTVCollector - INFO -   卫视: 34 个频道
2026-06-06 08:51:51,324 - IPTVCollector - INFO -   港澳台: 49 个频道
2026-06-06 08:51:51,324 - IPTVCollector - INFO -   地方: 147 个频道
2026-06-06 08:51:51,325 - IPTVCollector - INFO - ✅ M3U 文件已生成: /home/runner/work/ITV/ITV/output/tv.m3u
2026-06-06 08:51:51,326 - IPTVCollector - INFO - ✅ TXT 文件已生成: /home/runner/work/ITV/ITV/output/tv.txt
2026-06-06 08:51:51,326 - IPTVCollector - INFO - 🎉 完成！有效频道总数: 400
2026-06-06 08:51:51,326 - IPTVCollector - INFO - 📊 统计信息已保存至 /home/runner/work/ITV/ITV/output/stats.json
2026-06-06 10:53:58,611 - IPTVCollector - INFO - 🚀 IPTV智能整理平台启动
2026-06-06 10:53:58,611 - IPTVCollector - INFO - 📡 配置：超时=10s, 并发=10, ffmpeg=True
2026-06-06 10:53:58,611 - IPTVCollector - INFO - 📋 增强过滤: demo=True, alias=True, blacklist=True
2026-06-06 10:53:58,617 - IPTVCollector - INFO - ✅ IP 数据库加载成功: /home/runner/work/ITV/ITV/qqwry.dat, 版本: ('纯真网络', '2024年09月25日IP数据')
2026-06-06 10:53:58,617 - IPTVCollector - INFO - ✅ IP解析器已就绪
2026-06-06 10:53:58,668 - IPTVCollector - INFO - ✅ 数据库缓存已启用: /home/runner/work/ITV/ITV/iptv_cache.db
2026-06-06 10:53:58,679 - IPTVCollector - INFO - 🧹 清理过期缓存: raw表保留24小时, speed表保留24小时
2026-06-06 10:53:58,679 - IPTVCollector - INFO - 
📥 执行增量源检测和拉取...
2026-06-06 10:53:58,681 - IPTVCollector - INFO - 🔄 源有更新，拉取: https://raw.githubusercontent.com/iptv-org/iptv/gh-pages/countries/cn.m3u
2026-06-06 10:53:58,682 - IPTVCollector - INFO - 🔄 源有更新，拉取: https://raw.githubusercontent.com/iptv-org/iptv/master/streams/cn.m3u
2026-06-06 10:53:58,682 - IPTVCollector - INFO - 🔄 源有更新，拉取: https://raw.githubusercontent.com/vbskycn/iptv/master/tv/iptv4.txt
2026-06-06 10:53:58,682 - IPTVCollector - INFO - 🔄 源有更新，拉取: https://raw.githubusercontent.com/zzgpy1/iptv-api/master/output/result.txt
2026-06-06 10:53:58,683 - IPTVCollector - INFO - 🔄 源有更新，拉取: https://raw.githubusercontent.com/dogwalkerg/IPTV-collect-tv-txt/main/others_output.txt
2026-06-06 10:53:58,683 - IPTVCollector - INFO - 🔄 源有更新，拉取: https://raw.githubusercontent.com/zzgpy1/Collect-IPTV/main/best_sorted.m3u
2026-06-06 10:53:58,683 - IPTVCollector - INFO - 🔄 源有更新，拉取: https://raw.githubusercontent.com/zzgpy1/UniIPTV/gh-pages/tv.m3u
2026-06-06 10:53:58,683 - IPTVCollector - INFO - 🔄 源有更新，拉取: https://raw.githubusercontent.com/YueChan/Live/main/IPTV.m3u
2026-06-06 10:53:58,683 - IPTVCollector - INFO - 🔄 源有更新，拉取: https://raw.githubusercontent.com/fanmingming/live/main/tv/m3u/ipv6.m3u
2026-06-06 10:53:58,684 - IPTVCollector - INFO - 🔄 源有更新，拉取: https://raw.githubusercontent.com/Kimentanm/aptv/master/m3u/iptv.m3u
2026-06-06 10:53:58,684 - IPTVCollector - INFO - 🔄 源有更新，拉取: https://tv.19860519.xyz/abc123
2026-06-06 10:53:58,934 - IPTVCollector - INFO - 📊 原始频道数（去重后）: 1571
2026-06-06 10:53:59,225 - IPTVCollector - INFO - ⚡ 测速: 833 个新频道需探测，738 个来自缓存
2026-06-06 11:00:10,540 - IPTVCollector - INFO - ✅ 测速完成，有效频道 754/1571
2026-06-06 11:00:10,541 - IPTVCollector - INFO - 📊 通过HTTP测速的频道数: 754
2026-06-06 11:00:10,728 - IPTVCollector - INFO - 🔍 ffmpeg 深度验证: 75 个需要验证，679 个来自缓存
2026-06-06 11:02:20,194 - IPTVCollector - INFO - 🔍 ffmpeg 深度验证完成，通过 697/754 个频道
2026-06-06 11:02:20,194 - IPTVCollector - INFO - 📊 通过ffmpeg深度验证的频道数: 697
2026-06-06 11:02:20,778 - IPTVCollector - INFO - 💾 已保存 697 个频道源到数据库缓存
2026-06-06 11:02:20,784 - IPTVCollector - INFO - 📊 合并后的频道数: 604
2026-06-06 11:02:20,788 - IPTVCollector - INFO - 📊 黑名单过滤后: 584 (减少 20)
2026-06-06 11:02:21,007 - IPTVCollector - INFO - 📊 Demo筛选后: 400 (减少 184)
2026-06-06 11:02:21,007 - IPTVCollector - INFO - 📝 未匹配频道示例（前20个，用于调试）：
2026-06-06 11:02:21,007 - IPTVCollector - INFO -   1. 春晚1986 (分类: 其他)
2026-06-06 11:02:21,007 - IPTVCollector - INFO -   2. 春晚1987 (分类: 其他)
2026-06-06 11:02:21,007 - IPTVCollector - INFO -   3. 春晚1989 (分类: 其他)
2026-06-06 11:02:21,007 - IPTVCollector - INFO -   4. 春晚1993 (分类: 其他)
2026-06-06 11:02:21,007 - IPTVCollector - INFO -   5. 春晚1994 (分类: 其他)
2026-06-06 11:02:21,008 - IPTVCollector - INFO -   6. 春晚1995 (分类: 其他)
2026-06-06 11:02:21,008 - IPTVCollector - INFO -   7. 春晚2000 (分类: 其他)
2026-06-06 11:02:21,008 - IPTVCollector - INFO -   8. 春晚2003 (分类: 其他)
2026-06-06 11:02:21,008 - IPTVCollector - INFO -   9. 春晚2004 (分类: 其他)
2026-06-06 11:02:21,008 - IPTVCollector - INFO -   10. 春晚2005 (分类: 其他)
2026-06-06 11:02:21,008 - IPTVCollector - INFO -   11. 春晚2006 (分类: 其他)
2026-06-06 11:02:21,008 - IPTVCollector - INFO -   12. 春晚2010 (分类: 其他)
2026-06-06 11:02:21,008 - IPTVCollector - INFO -   13. 春晚2011 (分类: 其他)
2026-06-06 11:02:21,008 - IPTVCollector - INFO -   14. 春晚2013 (分类: 其他)
2026-06-06 11:02:21,008 - IPTVCollector - INFO -   15. 春晚2014 (分类: 其他)
2026-06-06 11:02:21,008 - IPTVCollector - INFO -   16. 春晚2015 (分类: 其他)
2026-06-06 11:02:21,008 - IPTVCollector - INFO -   17. 春晚2017 (分类: 其他)
2026-06-06 11:02:21,008 - IPTVCollector - INFO -   18. 春晚2018 (分类: 其他)
2026-06-06 11:02:21,008 - IPTVCollector - INFO -   19. 春晚2019 (分类: 其他)
2026-06-06 11:02:21,009 - IPTVCollector - INFO -   20. 春晚2021 (分类: 其他)
2026-06-06 11:02:21,013 - IPTVCollector - INFO - 
🎉 最终有效频道分类统计：
2026-06-06 11:02:21,013 - IPTVCollector - INFO -   央视: 19 个频道
2026-06-06 11:02:21,013 - IPTVCollector - INFO -   其他: 151 个频道
2026-06-06 11:02:21,014 - IPTVCollector - INFO -   卫视: 34 个频道
2026-06-06 11:02:21,014 - IPTVCollector - INFO -   港澳台: 50 个频道
2026-06-06 11:02:21,014 - IPTVCollector - INFO -   地方: 146 个频道
2026-06-06 11:02:21,018 - IPTVCollector - INFO - ✅ M3U 文件已生成（按 demo.txt 顺序）: /home/runner/work/ITV/ITV/output/tv.m3u
2026-06-06 11:02:21,021 - IPTVCollector - INFO - ✅ TXT 文件已生成（按 demo.txt 顺序）: /home/runner/work/ITV/ITV/output/tv.txt
2026-06-06 11:02:21,021 - IPTVCollector - INFO - 🎉 完成！有效频道总数: 400
2026-06-06 11:02:21,021 - IPTVCollector - INFO - 📊 统计信息已保存至 /home/runner/work/ITV/ITV/output/stats.json
2026-06-06 11:38:02,572 - IPTVCollector - INFO - 🚀 IPTV智能整理平台启动
2026-06-06 11:38:02,572 - IPTVCollector - INFO - 📡 配置：超时=10s, 并发=10, ffmpeg=True
2026-06-06 11:38:02,572 - IPTVCollector - INFO - 📋 增强过滤: demo=True, alias=True, blacklist=True
2026-06-06 11:38:02,578 - IPTVCollector - INFO - ✅ IP 数据库加载成功: /home/runner/work/ITV/ITV/qqwry.dat, 版本: ('纯真网络', '2024年09月25日IP数据')
2026-06-06 11:38:02,578 - IPTVCollector - INFO - ✅ IP解析器已就绪
2026-06-06 11:38:02,625 - IPTVCollector - INFO - ✅ 数据库缓存已启用: /home/runner/work/ITV/ITV/iptv_cache.db
2026-06-06 11:38:02,636 - IPTVCollector - INFO - 🧹 清理过期缓存: raw表保留24小时, speed表保留24小时
2026-06-06 11:38:02,636 - IPTVCollector - INFO - 
📥 执行增量源检测和拉取...
2026-06-06 11:38:02,640 - IPTVCollector - INFO - 🔄 源有更新，拉取: https://raw.githubusercontent.com/iptv-org/iptv/gh-pages/countries/cn.m3u
2026-06-06 11:38:02,641 - IPTVCollector - INFO - 🔄 源有更新，拉取: https://raw.githubusercontent.com/iptv-org/iptv/master/streams/cn.m3u
2026-06-06 11:38:02,641 - IPTVCollector - INFO - 🔄 源有更新，拉取: https://raw.githubusercontent.com/vbskycn/iptv/master/tv/iptv4.txt
2026-06-06 11:38:02,641 - IPTVCollector - INFO - 🔄 源有更新，拉取: https://raw.githubusercontent.com/zzgpy1/iptv-api/master/output/result.txt
2026-06-06 11:38:02,641 - IPTVCollector - INFO - 🔄 源有更新，拉取: https://raw.githubusercontent.com/dogwalkerg/IPTV-collect-tv-txt/main/others_output.txt
2026-06-06 11:38:02,642 - IPTVCollector - INFO - 🔄 源有更新，拉取: https://raw.githubusercontent.com/zzgpy1/Collect-IPTV/main/best_sorted.m3u
2026-06-06 11:38:02,643 - IPTVCollector - INFO - 🔄 源有更新，拉取: https://raw.githubusercontent.com/zzgpy1/UniIPTV/gh-pages/tv.m3u
2026-06-06 11:38:02,643 - IPTVCollector - INFO - 🔄 源有更新，拉取: https://raw.githubusercontent.com/YueChan/Live/main/IPTV.m3u
2026-06-06 11:38:02,643 - IPTVCollector - INFO - 🔄 源有更新，拉取: https://raw.githubusercontent.com/fanmingming/live/main/tv/m3u/ipv6.m3u
2026-06-06 11:38:02,643 - IPTVCollector - INFO - 🔄 源有更新，拉取: https://raw.githubusercontent.com/Kimentanm/aptv/master/m3u/iptv.m3u
2026-06-06 11:38:02,644 - IPTVCollector - INFO - 🔄 源有更新，拉取: https://tv.19860519.xyz/abc123
2026-06-06 11:38:03,108 - IPTVCollector - INFO - 📊 原始频道数（去重后）: 1571
2026-06-06 11:38:03,501 - IPTVCollector - INFO - ⚡ 测速: 817 个新频道需探测，754 个来自缓存
2026-06-06 11:44:11,815 - IPTVCollector - INFO - ✅ 测速完成，有效频道 754/1571
2026-06-06 11:44:11,815 - IPTVCollector - INFO - 📊 通过HTTP测速的频道数: 754
2026-06-06 11:44:12,034 - IPTVCollector - INFO - 🔍 ffmpeg 深度验证: 57 个需要验证，697 个来自缓存
2026-06-06 11:46:06,735 - IPTVCollector - INFO - 🔍 ffmpeg 深度验证完成，通过 697/754 个频道
2026-06-06 11:46:06,735 - IPTVCollector - INFO - 📊 通过ffmpeg深度验证的频道数: 697
2026-06-06 11:46:07,489 - IPTVCollector - INFO - 💾 已保存 697 个频道源到数据库缓存
2026-06-06 11:46:07,494 - IPTVCollector - INFO - 📊 合并后的频道数: 604
2026-06-06 11:46:07,499 - IPTVCollector - INFO - 📊 黑名单过滤后: 584 (减少 20)
2026-06-06 11:46:07,729 - IPTVCollector - INFO - 📊 Demo筛选后: 400 (减少 184)
2026-06-06 11:46:07,729 - IPTVCollector - INFO - 📝 未匹配频道示例（前20个，用于调试）：
2026-06-06 11:46:07,729 - IPTVCollector - INFO -   1. 春晚1986 (分类: 其他)
2026-06-06 11:46:07,729 - IPTVCollector - INFO -   2. 春晚1987 (分类: 其他)
2026-06-06 11:46:07,729 - IPTVCollector - INFO -   3. 春晚1989 (分类: 其他)
2026-06-06 11:46:07,729 - IPTVCollector - INFO -   4. 春晚1993 (分类: 其他)
2026-06-06 11:46:07,729 - IPTVCollector - INFO -   5. 春晚1994 (分类: 其他)
2026-06-06 11:46:07,729 - IPTVCollector - INFO -   6. 春晚1995 (分类: 其他)
2026-06-06 11:46:07,729 - IPTVCollector - INFO -   7. 春晚2000 (分类: 其他)
2026-06-06 11:46:07,729 - IPTVCollector - INFO -   8. 春晚2003 (分类: 其他)
2026-06-06 11:46:07,729 - IPTVCollector - INFO -   9. 春晚2004 (分类: 其他)
2026-06-06 11:46:07,730 - IPTVCollector - INFO -   10. 春晚2005 (分类: 其他)
2026-06-06 11:46:07,730 - IPTVCollector - INFO -   11. 春晚2006 (分类: 其他)
2026-06-06 11:46:07,730 - IPTVCollector - INFO -   12. 春晚2010 (分类: 其他)
2026-06-06 11:46:07,730 - IPTVCollector - INFO -   13. 春晚2011 (分类: 其他)
2026-06-06 11:46:07,730 - IPTVCollector - INFO -   14. 春晚2013 (分类: 其他)
2026-06-06 11:46:07,730 - IPTVCollector - INFO -   15. 春晚2014 (分类: 其他)
2026-06-06 11:46:07,730 - IPTVCollector - INFO -   16. 春晚2015 (分类: 其他)
2026-06-06 11:46:07,730 - IPTVCollector - INFO -   17. 春晚2017 (分类: 其他)
2026-06-06 11:46:07,730 - IPTVCollector - INFO -   18. 春晚2018 (分类: 其他)
2026-06-06 11:46:07,730 - IPTVCollector - INFO -   19. 春晚2019 (分类: 其他)
2026-06-06 11:46:07,730 - IPTVCollector - INFO -   20. 春晚2021 (分类: 其他)
2026-06-06 11:46:07,735 - IPTVCollector - INFO - 
🎉 最终有效频道分类统计：
2026-06-06 11:46:07,735 - IPTVCollector - INFO -   央视: 19 个频道
2026-06-06 11:46:07,735 - IPTVCollector - INFO -   其他: 151 个频道
2026-06-06 11:46:07,735 - IPTVCollector - INFO -   卫视: 34 个频道
2026-06-06 11:46:07,735 - IPTVCollector - INFO -   港澳台: 50 个频道
2026-06-06 11:46:07,735 - IPTVCollector - INFO -   地方: 146 个频道
2026-06-06 11:46:07,740 - IPTVCollector - INFO - ✅ M3U 文件已生成（按 demo.txt 顺序）: /home/runner/work/ITV/ITV/output/tv.m3u
2026-06-06 11:46:07,744 - IPTVCollector - INFO - ✅ TXT 文件已生成（按 demo.txt 顺序）: /home/runner/work/ITV/ITV/output/tv.txt
2026-06-06 11:46:07,744 - IPTVCollector - INFO - 🎉 完成！有效频道总数: 400
2026-06-06 11:46:07,744 - IPTVCollector - INFO - 📊 统计信息已保存至 /home/runner/work/ITV/ITV/output/stats.json
2026-06-06 11:56:43,037 - IPTVCollector - INFO - 🚀 IPTV智能整理平台启动
2026-06-06 11:56:43,038 - IPTVCollector - INFO - 📡 配置：超时=10s, 并发=10, ffmpeg=True
2026-06-06 11:56:43,038 - IPTVCollector - INFO - 📋 增强过滤: demo=True, alias=True, blacklist=True
2026-06-06 11:56:43,043 - IPTVCollector - INFO - ✅ IP 数据库加载成功: /home/runner/work/ITV/ITV/qqwry.dat, 版本: ('纯真网络', '2024年09月25日IP数据')
2026-06-06 11:56:43,043 - IPTVCollector - INFO - ✅ IP解析器已就绪
2026-06-06 11:56:43,095 - IPTVCollector - INFO - ✅ 数据库缓存已启用: /home/runner/work/ITV/ITV/iptv_cache.db
2026-06-06 11:56:43,106 - IPTVCollector - INFO - 🧹 清理过期缓存: raw表保留24小时, speed表保留24小时
2026-06-06 11:56:43,106 - IPTVCollector - INFO - 
📥 执行增量源检测和拉取...
2026-06-06 11:56:43,108 - IPTVCollector - INFO - 🔄 源有更新，拉取: https://raw.githubusercontent.com/iptv-org/iptv/gh-pages/countries/cn.m3u
2026-06-06 11:56:43,109 - IPTVCollector - INFO - 🔄 源有更新，拉取: https://raw.githubusercontent.com/iptv-org/iptv/master/streams/cn.m3u
2026-06-06 11:56:43,109 - IPTVCollector - INFO - 🔄 源有更新，拉取: https://raw.githubusercontent.com/vbskycn/iptv/master/tv/iptv4.txt
2026-06-06 11:56:43,109 - IPTVCollector - INFO - 🔄 源有更新，拉取: https://raw.githubusercontent.com/zzgpy1/iptv-api/master/output/result.txt
2026-06-06 11:56:43,109 - IPTVCollector - INFO - 🔄 源有更新，拉取: https://raw.githubusercontent.com/dogwalkerg/IPTV-collect-tv-txt/main/others_output.txt
2026-06-06 11:56:43,109 - IPTVCollector - INFO - 🔄 源有更新，拉取: https://raw.githubusercontent.com/zzgpy1/Collect-IPTV/main/best_sorted.m3u
2026-06-06 11:56:43,110 - IPTVCollector - INFO - 🔄 源有更新，拉取: https://raw.githubusercontent.com/zzgpy1/UniIPTV/gh-pages/tv.m3u
2026-06-06 11:56:43,110 - IPTVCollector - INFO - 🔄 源有更新，拉取: https://raw.githubusercontent.com/YueChan/Live/main/IPTV.m3u
2026-06-06 11:56:43,110 - IPTVCollector - INFO - 🔄 源有更新，拉取: https://raw.githubusercontent.com/fanmingming/live/main/tv/m3u/ipv6.m3u
2026-06-06 11:56:43,110 - IPTVCollector - INFO - 🔄 源有更新，拉取: https://raw.githubusercontent.com/Kimentanm/aptv/master/m3u/iptv.m3u
2026-06-06 11:56:43,110 - IPTVCollector - INFO - 🔄 源有更新，拉取: https://tv.19860519.xyz/abc123
2026-06-06 11:56:43,418 - IPTVCollector - INFO - 📊 原始频道数（去重后）: 1571
2026-06-06 11:56:43,703 - IPTVCollector - INFO - ⚡ 测速: 817 个新频道需探测，754 个来自缓存
2026-06-06 12:02:57,760 - IPTVCollector - INFO - ✅ 测速完成，有效频道 754/1571
2026-06-06 12:02:57,761 - IPTVCollector - INFO - 📊 通过HTTP测速的频道数: 754
2026-06-06 12:02:57,968 - IPTVCollector - INFO - 🔍 ffmpeg 深度验证: 57 个需要验证，697 个来自缓存
2026-06-06 12:04:53,616 - IPTVCollector - INFO - 🔍 ffmpeg 深度验证完成，通过 697/754 个频道
2026-06-06 12:04:53,616 - IPTVCollector - INFO - 📊 通过ffmpeg深度验证的频道数: 697
2026-06-06 12:04:54,236 - IPTVCollector - INFO - 💾 已保存 697 个频道源到数据库缓存
2026-06-06 12:04:54,242 - IPTVCollector - INFO - 📊 合并后的频道数: 604
2026-06-06 12:04:54,247 - IPTVCollector - INFO - 📊 黑名单过滤后: 584 (减少 20)
2026-06-06 12:04:54,469 - IPTVCollector - INFO - 📊 Demo筛选后: 400 (减少 184)
2026-06-06 12:04:54,469 - IPTVCollector - INFO - 📝 未匹配频道示例（前20个，用于调试）：
2026-06-06 12:04:54,469 - IPTVCollector - INFO -   1. 春晚1986 (分类: 其他)
2026-06-06 12:04:54,469 - IPTVCollector - INFO -   2. 春晚1987 (分类: 其他)
2026-06-06 12:04:54,469 - IPTVCollector - INFO -   3. 春晚1989 (分类: 其他)
2026-06-06 12:04:54,469 - IPTVCollector - INFO -   4. 春晚1993 (分类: 其他)
2026-06-06 12:04:54,469 - IPTVCollector - INFO -   5. 春晚1994 (分类: 其他)
2026-06-06 12:04:54,469 - IPTVCollector - INFO -   6. 春晚1995 (分类: 其他)
2026-06-06 12:04:54,469 - IPTVCollector - INFO -   7. 春晚2000 (分类: 其他)
2026-06-06 12:04:54,469 - IPTVCollector - INFO -   8. 春晚2003 (分类: 其他)
2026-06-06 12:04:54,469 - IPTVCollector - INFO -   9. 春晚2004 (分类: 其他)
2026-06-06 12:04:54,470 - IPTVCollector - INFO -   10. 春晚2005 (分类: 其他)
2026-06-06 12:04:54,470 - IPTVCollector - INFO -   11. 春晚2006 (分类: 其他)
2026-06-06 12:04:54,470 - IPTVCollector - INFO -   12. 春晚2010 (分类: 其他)
2026-06-06 12:04:54,470 - IPTVCollector - INFO -   13. 春晚2011 (分类: 其他)
2026-06-06 12:04:54,470 - IPTVCollector - INFO -   14. 春晚2013 (分类: 其他)
2026-06-06 12:04:54,470 - IPTVCollector - INFO -   15. 春晚2014 (分类: 其他)
2026-06-06 12:04:54,470 - IPTVCollector - INFO -   16. 春晚2015 (分类: 其他)
2026-06-06 12:04:54,470 - IPTVCollector - INFO -   17. 春晚2017 (分类: 其他)
2026-06-06 12:04:54,470 - IPTVCollector - INFO -   18. 春晚2018 (分类: 其他)
2026-06-06 12:04:54,470 - IPTVCollector - INFO -   19. 春晚2019 (分类: 其他)
2026-06-06 12:04:54,470 - IPTVCollector - INFO -   20. 春晚2021 (分类: 其他)
2026-06-06 12:04:54,476 - IPTVCollector - INFO - 
🎉 最终有效频道分类统计：
2026-06-06 12:04:54,476 - IPTVCollector - INFO -   央视: 19 个频道
2026-06-06 12:04:54,476 - IPTVCollector - INFO -   其他: 151 个频道
2026-06-06 12:04:54,476 - IPTVCollector - INFO -   卫视: 34 个频道
2026-06-06 12:04:54,476 - IPTVCollector - INFO -   港澳台: 50 个频道
2026-06-06 12:04:54,476 - IPTVCollector - INFO -   地方: 146 个频道
2026-06-06 12:04:54,480 - IPTVCollector - INFO - ✅ M3U 文件已生成（按 demo.txt 顺序）: /home/runner/work/ITV/ITV/output/tv.m3u
2026-06-06 12:04:54,484 - IPTVCollector - INFO - ✅ TXT 文件已生成（按 demo.txt 顺序）: /home/runner/work/ITV/ITV/output/tv.txt
2026-06-06 12:04:54,484 - IPTVCollector - INFO - 🎉 完成！有效频道总数: 400
2026-06-06 12:04:54,485 - IPTVCollector - INFO - 📊 统计信息已保存至 /home/runner/work/ITV/ITV/output/stats.json
2026-06-06 13:26:03,804 - IPTVCollector - INFO - 🚀 IPTV智能整理平台启动
2026-06-06 13:26:03,804 - IPTVCollector - INFO - 📡 配置：超时=10s, 并发=10, ffmpeg=True
2026-06-06 13:26:03,804 - IPTVCollector - INFO - 📋 增强过滤: demo=True, alias=True, blacklist=True
2026-06-06 13:26:03,809 - IPTVCollector - INFO - ✅ IP 数据库加载成功: /home/runner/work/ITV/ITV/qqwry.dat, 版本: ('纯真网络', '2024年09月25日IP数据')
2026-06-06 13:26:03,809 - IPTVCollector - INFO - ✅ IP解析器已就绪
2026-06-06 13:26:03,857 - IPTVCollector - INFO - ✅ 数据库缓存已启用: /home/runner/work/ITV/ITV/iptv_cache.db
2026-06-06 13:26:03,870 - IPTVCollector - INFO - 🧹 清理过期缓存: raw表保留24小时, speed表保留24小时
2026-06-06 13:26:03,870 - IPTVCollector - INFO - 
📥 执行增量源检测和拉取...
2026-06-06 13:26:03,872 - IPTVCollector - INFO - 🔄 源有更新，拉取: https://raw.githubusercontent.com/iptv-org/iptv/gh-pages/countries/cn.m3u
2026-06-06 13:26:03,873 - IPTVCollector - INFO - 🔄 源有更新，拉取: https://raw.githubusercontent.com/iptv-org/iptv/master/streams/cn.m3u
2026-06-06 13:26:03,873 - IPTVCollector - INFO - 🔄 源有更新，拉取: https://raw.githubusercontent.com/vbskycn/iptv/master/tv/iptv4.txt
2026-06-06 13:26:03,874 - IPTVCollector - INFO - 🔄 源有更新，拉取: https://raw.githubusercontent.com/zzgpy1/iptv-api/master/output/result.txt
2026-06-06 13:26:03,874 - IPTVCollector - INFO - 🔄 源有更新，拉取: https://raw.githubusercontent.com/dogwalkerg/IPTV-collect-tv-txt/main/others_output.txt
2026-06-06 13:26:03,875 - IPTVCollector - INFO - 🔄 源有更新，拉取: https://raw.githubusercontent.com/zzgpy1/Collect-IPTV/main/best_sorted.m3u
2026-06-06 13:26:03,875 - IPTVCollector - INFO - 🔄 源有更新，拉取: https://raw.githubusercontent.com/zzgpy1/UniIPTV/gh-pages/tv.m3u
2026-06-06 13:26:03,875 - IPTVCollector - INFO - 🔄 源有更新，拉取: https://raw.githubusercontent.com/YueChan/Live/main/IPTV.m3u
2026-06-06 13:26:03,876 - IPTVCollector - INFO - 🔄 源有更新，拉取: https://raw.githubusercontent.com/fanmingming/live/main/tv/m3u/ipv6.m3u
2026-06-06 13:26:03,876 - IPTVCollector - INFO - 🔄 源有更新，拉取: https://raw.githubusercontent.com/Kimentanm/aptv/master/m3u/iptv.m3u
2026-06-06 13:26:03,876 - IPTVCollector - INFO - 🔄 源有更新，拉取: https://tv.19860519.xyz/abc123
2026-06-06 13:26:04,158 - IPTVCollector - INFO - 📊 原始频道数（去重后）: 1572
2026-06-06 13:26:04,564 - IPTVCollector - INFO - ⚡ 测速: 829 个新频道需探测，743 个来自缓存
2026-06-06 13:32:13,879 - IPTVCollector - INFO - ✅ 测速完成，有效频道 756/1572
2026-06-06 13:32:13,879 - IPTVCollector - INFO - 📊 通过HTTP测速的频道数: 756
2026-06-06 13:32:14,105 - IPTVCollector - INFO - 🔍 ffmpeg 深度验证: 71 个需要验证，685 个来自缓存
2026-06-06 13:34:36,837 - IPTVCollector - INFO - 🔍 ffmpeg 深度验证完成，通过 697/756 个频道
2026-06-06 13:34:36,837 - IPTVCollector - INFO - 📊 通过ffmpeg深度验证的频道数: 697
2026-06-06 13:34:37,594 - IPTVCollector - INFO - 💾 已保存 697 个频道源到数据库缓存
2026-06-06 13:34:37,600 - IPTVCollector - INFO - 📊 合并后的频道数: 606
2026-06-06 13:34:37,604 - IPTVCollector - INFO - 📊 黑名单过滤后: 586 (减少 20)
2026-06-06 13:34:37,846 - IPTVCollector - INFO - 📊 Demo筛选后: 402 (减少 184)
2026-06-06 13:34:37,847 - IPTVCollector - INFO - 📝 未匹配频道示例（前20个，用于调试）：
2026-06-06 13:34:37,847 - IPTVCollector - INFO -   1. 春晚1986 (分类: 其他)
2026-06-06 13:34:37,847 - IPTVCollector - INFO -   2. 春晚1987 (分类: 其他)
2026-06-06 13:34:37,847 - IPTVCollector - INFO -   3. 春晚1989 (分类: 其他)
2026-06-06 13:34:37,847 - IPTVCollector - INFO -   4. 春晚1993 (分类: 其他)
2026-06-06 13:34:37,847 - IPTVCollector - INFO -   5. 春晚1994 (分类: 其他)
2026-06-06 13:34:37,847 - IPTVCollector - INFO -   6. 春晚1995 (分类: 其他)
2026-06-06 13:34:37,847 - IPTVCollector - INFO -   7. 春晚2000 (分类: 其他)
2026-06-06 13:34:37,847 - IPTVCollector - INFO -   8. 春晚2003 (分类: 其他)
2026-06-06 13:34:37,847 - IPTVCollector - INFO -   9. 春晚2004 (分类: 其他)
2026-06-06 13:34:37,847 - IPTVCollector - INFO -   10. 春晚2005 (分类: 其他)
2026-06-06 13:34:37,848 - IPTVCollector - INFO -   11. 春晚2006 (分类: 其他)
2026-06-06 13:34:37,848 - IPTVCollector - INFO -   12. 春晚2010 (分类: 其他)
2026-06-06 13:34:37,848 - IPTVCollector - INFO -   13. 春晚2011 (分类: 其他)
2026-06-06 13:34:37,848 - IPTVCollector - INFO -   14. 春晚2013 (分类: 其他)
2026-06-06 13:34:37,848 - IPTVCollector - INFO -   15. 春晚2014 (分类: 其他)
2026-06-06 13:34:37,848 - IPTVCollector - INFO -   16. 春晚2015 (分类: 其他)
2026-06-06 13:34:37,848 - IPTVCollector - INFO -   17. 春晚2017 (分类: 其他)
2026-06-06 13:34:37,848 - IPTVCollector - INFO -   18. 春晚2018 (分类: 其他)
2026-06-06 13:34:37,848 - IPTVCollector - INFO -   19. 春晚2019 (分类: 其他)
2026-06-06 13:34:37,848 - IPTVCollector - INFO -   20. 春晚2021 (分类: 其他)
2026-06-06 13:34:37,853 - IPTVCollector - INFO - 
🎉 最终有效频道分类统计：
2026-06-06 13:34:37,853 - IPTVCollector - INFO -   央视: 19 个频道
2026-06-06 13:34:37,854 - IPTVCollector - INFO -   其他: 151 个频道
2026-06-06 13:34:37,854 - IPTVCollector - INFO -   卫视: 35 个频道
2026-06-06 13:34:37,854 - IPTVCollector - INFO -   港澳台: 50 个频道
2026-06-06 13:34:37,854 - IPTVCollector - INFO -   地方: 147 个频道
2026-06-06 13:34:37,855 - IPTVCollector - INFO - ✅ M3U 文件已生成: /home/runner/work/ITV/ITV/output/tv.m3u
2026-06-06 13:34:37,855 - IPTVCollector - INFO - ✅ TXT 文件已生成: /home/runner/work/ITV/ITV/output/tv.txt
2026-06-06 13:34:37,855 - IPTVCollector - INFO - 🎉 完成！有效频道总数: 402
2026-06-06 13:34:37,856 - IPTVCollector - INFO - 📊 统计信息已保存至 /home/runner/work/ITV/ITV/output/stats.json
2026-06-06 13:59:56,640 - IPTVCollector - INFO - 🚀 IPTV智能整理平台启动
2026-06-06 13:59:56,640 - IPTVCollector - INFO - 📡 配置：超时=10s, 并发=10, ffmpeg=True
2026-06-06 13:59:56,640 - IPTVCollector - INFO - 📋 增强过滤: demo=True, alias=True, blacklist=True
2026-06-06 13:59:56,646 - IPTVCollector - INFO - ✅ IP 数据库加载成功: /home/runner/work/ITV/ITV/qqwry.dat, 版本: ('纯真网络', '2024年09月25日IP数据')
2026-06-06 13:59:56,646 - IPTVCollector - INFO - ✅ IP解析器已就绪
2026-06-06 13:59:56,694 - IPTVCollector - INFO - ✅ 数据库缓存已启用: /home/runner/work/ITV/ITV/iptv_cache.db
2026-06-06 13:59:56,706 - IPTVCollector - INFO - 🧹 清理过期缓存: raw表保留24小时, speed表保留24小时
2026-06-06 13:59:56,706 - IPTVCollector - INFO - 
📥 执行增量源检测和拉取...
2026-06-06 13:59:56,709 - IPTVCollector - INFO - 🔄 源有更新，拉取: https://raw.githubusercontent.com/iptv-org/iptv/gh-pages/countries/cn.m3u
2026-06-06 13:59:56,709 - IPTVCollector - INFO - 🔄 源有更新，拉取: https://raw.githubusercontent.com/iptv-org/iptv/master/streams/cn.m3u
2026-06-06 13:59:56,710 - IPTVCollector - INFO - 🔄 源有更新，拉取: https://raw.githubusercontent.com/vbskycn/iptv/master/tv/iptv4.txt
2026-06-06 13:59:56,710 - IPTVCollector - INFO - 🔄 源有更新，拉取: https://raw.githubusercontent.com/zzgpy1/iptv-api/master/output/result.txt
2026-06-06 13:59:56,710 - IPTVCollector - INFO - 🔄 源有更新，拉取: https://raw.githubusercontent.com/dogwalkerg/IPTV-collect-tv-txt/main/others_output.txt
2026-06-06 13:59:56,710 - IPTVCollector - INFO - 🔄 源有更新，拉取: https://raw.githubusercontent.com/zzgpy1/Collect-IPTV/main/best_sorted.m3u
2026-06-06 13:59:56,711 - IPTVCollector - INFO - 🔄 源有更新，拉取: https://raw.githubusercontent.com/zzgpy1/UniIPTV/gh-pages/tv.m3u
2026-06-06 13:59:56,711 - IPTVCollector - INFO - 🔄 源有更新，拉取: https://raw.githubusercontent.com/YueChan/Live/main/IPTV.m3u
2026-06-06 13:59:56,711 - IPTVCollector - INFO - 🔄 源有更新，拉取: https://raw.githubusercontent.com/fanmingming/live/main/tv/m3u/ipv6.m3u
2026-06-06 13:59:56,712 - IPTVCollector - INFO - 🔄 源有更新，拉取: https://raw.githubusercontent.com/Kimentanm/aptv/master/m3u/iptv.m3u
2026-06-06 13:59:56,712 - IPTVCollector - INFO - 🔄 源有更新，拉取: https://tv.19860519.xyz/abc123
2026-06-06 13:59:56,994 - IPTVCollector - INFO - 📊 原始频道数（去重后）: 1572
2026-06-06 13:59:57,373 - IPTVCollector - INFO - ⚡ 测速: 816 个新频道需探测，756 个来自缓存
2026-06-06 14:06:01,173 - IPTVCollector - INFO - ✅ 测速完成，有效频道 758/1572
2026-06-06 14:06:01,173 - IPTVCollector - INFO - 📊 通过HTTP测速的频道数: 758
2026-06-06 14:06:01,398 - IPTVCollector - INFO - 🔍 ffmpeg 深度验证: 61 个需要验证，697 个来自缓存
2026-06-06 14:08:05,208 - IPTVCollector - INFO - 🔍 ffmpeg 深度验证完成，通过 698/758 个频道
2026-06-06 14:08:05,208 - IPTVCollector - INFO - 📊 通过ffmpeg深度验证的频道数: 698
2026-06-06 14:08:05,880 - IPTVCollector - INFO - 💾 已保存 698 个频道源到数据库缓存
2026-06-06 14:08:05,886 - IPTVCollector - INFO - 📊 合并后的频道数: 606
2026-06-06 14:08:05,890 - IPTVCollector - INFO - 📊 黑名单过滤后: 586 (减少 20)
2026-06-06 14:08:06,125 - IPTVCollector - INFO - 📊 Demo筛选后: 402 (减少 184)
2026-06-06 14:08:06,126 - IPTVCollector - INFO - 📝 未匹配频道示例（前20个，用于调试）：
2026-06-06 14:08:06,126 - IPTVCollector - INFO -   1. 春晚1986 (分类: 其他)
2026-06-06 14:08:06,126 - IPTVCollector - INFO -   2. 春晚1987 (分类: 其他)
2026-06-06 14:08:06,126 - IPTVCollector - INFO -   3. 春晚1989 (分类: 其他)
2026-06-06 14:08:06,126 - IPTVCollector - INFO -   4. 春晚1993 (分类: 其他)
2026-06-06 14:08:06,126 - IPTVCollector - INFO -   5. 春晚1994 (分类: 其他)
2026-06-06 14:08:06,126 - IPTVCollector - INFO -   6. 春晚1995 (分类: 其他)
2026-06-06 14:08:06,126 - IPTVCollector - INFO -   7. 春晚2000 (分类: 其他)
2026-06-06 14:08:06,126 - IPTVCollector - INFO -   8. 春晚2003 (分类: 其他)
2026-06-06 14:08:06,126 - IPTVCollector - INFO -   9. 春晚2004 (分类: 其他)
2026-06-06 14:08:06,127 - IPTVCollector - INFO -   10. 春晚2005 (分类: 其他)
2026-06-06 14:08:06,127 - IPTVCollector - INFO -   11. 春晚2006 (分类: 其他)
2026-06-06 14:08:06,127 - IPTVCollector - INFO -   12. 春晚2010 (分类: 其他)
2026-06-06 14:08:06,127 - IPTVCollector - INFO -   13. 春晚2011 (分类: 其他)
2026-06-06 14:08:06,127 - IPTVCollector - INFO -   14. 春晚2013 (分类: 其他)
2026-06-06 14:08:06,127 - IPTVCollector - INFO -   15. 春晚2014 (分类: 其他)
2026-06-06 14:08:06,127 - IPTVCollector - INFO -   16. 春晚2015 (分类: 其他)
2026-06-06 14:08:06,127 - IPTVCollector - INFO -   17. 春晚2017 (分类: 其他)
2026-06-06 14:08:06,127 - IPTVCollector - INFO -   18. 春晚2018 (分类: 其他)
2026-06-06 14:08:06,127 - IPTVCollector - INFO -   19. 春晚2019 (分类: 其他)
2026-06-06 14:08:06,127 - IPTVCollector - INFO -   20. 春晚2021 (分类: 其他)
2026-06-06 14:08:06,133 - IPTVCollector - INFO - 
🎉 最终有效频道分类统计：
2026-06-06 14:08:06,133 - IPTVCollector - INFO -   央视: 19 个频道
2026-06-06 14:08:06,133 - IPTVCollector - INFO -   其他: 151 个频道
2026-06-06 14:08:06,133 - IPTVCollector - INFO -   卫视: 35 个频道
2026-06-06 14:08:06,133 - IPTVCollector - INFO -   港澳台: 50 个频道
2026-06-06 14:08:06,133 - IPTVCollector - INFO -   地方: 147 个频道
2026-06-06 14:08:06,134 - IPTVCollector - INFO - ✅ M3U 文件已生成: /home/runner/work/ITV/ITV/output/tv.m3u
2026-06-06 14:08:06,135 - IPTVCollector - INFO - ✅ TXT 文件已生成: /home/runner/work/ITV/ITV/output/tv.txt
2026-06-06 14:08:06,135 - IPTVCollector - INFO - 🎉 完成！有效频道总数: 402
2026-06-06 14:08:06,135 - IPTVCollector - INFO - 📊 统计信息已保存至 /home/runner/work/ITV/ITV/output/stats.json
2026-06-06 14:38:41,036 - IPTVCollector - INFO - 🚀 IPTV智能整理平台启动
2026-06-06 14:38:41,036 - IPTVCollector - INFO - 📡 配置：超时=10s, 并发=10, ffmpeg=True
2026-06-06 14:38:41,036 - IPTVCollector - INFO - 📋 增强过滤: demo=True, alias=True, blacklist=True
2026-06-06 14:38:41,042 - IPTVCollector - INFO - ✅ IP 数据库加载成功: /home/runner/work/ITV/ITV/qqwry.dat, 版本: ('纯真网络', '2024年09月25日IP数据')
2026-06-06 14:38:41,043 - IPTVCollector - INFO - ✅ IP解析器已就绪
2026-06-06 14:38:41,094 - IPTVCollector - INFO - ✅ 数据库缓存已启用: /home/runner/work/ITV/ITV/iptv_cache.db
2026-06-06 14:38:41,108 - IPTVCollector - INFO - 🧹 清理过期缓存: raw表保留24小时, speed表保留24小时
2026-06-06 14:38:41,108 - IPTVCollector - INFO - 
📥 执行增量源检测和拉取...
2026-06-06 14:38:41,110 - IPTVCollector - INFO - 🔄 源有更新，拉取: https://raw.githubusercontent.com/iptv-org/iptv/gh-pages/countries/cn.m3u
2026-06-06 14:38:41,111 - IPTVCollector - INFO - 🔄 源有更新，拉取: https://raw.githubusercontent.com/iptv-org/iptv/master/streams/cn.m3u
2026-06-06 14:38:41,111 - IPTVCollector - INFO - 🔄 源有更新，拉取: https://raw.githubusercontent.com/vbskycn/iptv/master/tv/iptv4.txt
2026-06-06 14:38:41,111 - IPTVCollector - INFO - 🔄 源有更新，拉取: https://raw.githubusercontent.com/zzgpy1/iptv-api/master/output/result.txt
2026-06-06 14:38:41,111 - IPTVCollector - INFO - 🔄 源有更新，拉取: https://raw.githubusercontent.com/dogwalkerg/IPTV-collect-tv-txt/main/others_output.txt
2026-06-06 14:38:41,111 - IPTVCollector - INFO - 🔄 源有更新，拉取: https://raw.githubusercontent.com/zzgpy1/Collect-IPTV/main/best_sorted.m3u
2026-06-06 14:38:41,112 - IPTVCollector - INFO - 🔄 源有更新，拉取: https://raw.githubusercontent.com/zzgpy1/UniIPTV/gh-pages/tv.m3u
2026-06-06 14:38:41,112 - IPTVCollector - INFO - 🔄 源有更新，拉取: https://raw.githubusercontent.com/YueChan/Live/main/IPTV.m3u
2026-06-06 14:38:41,112 - IPTVCollector - INFO - 🔄 源有更新，拉取: https://raw.githubusercontent.com/fanmingming/live/main/tv/m3u/ipv6.m3u
2026-06-06 14:38:41,113 - IPTVCollector - INFO - 🔄 源有更新，拉取: https://raw.githubusercontent.com/Kimentanm/aptv/master/m3u/iptv.m3u
2026-06-06 14:38:41,113 - IPTVCollector - INFO - 🔄 源有更新，拉取: https://tv.19860519.xyz/abc123
2026-06-06 14:38:41,429 - IPTVCollector - INFO - 📊 原始频道数（去重后）: 1577
2026-06-06 14:38:41,731 - IPTVCollector - INFO - ⚡ 测速: 857 个新频道需探测，720 个来自缓存
2026-06-06 14:44:53,406 - IPTVCollector - INFO - ✅ 测速完成，有效频道 760/1577
2026-06-06 14:44:53,406 - IPTVCollector - INFO - 📊 通过HTTP测速的频道数: 760
2026-06-06 14:44:53,590 - IPTVCollector - INFO - 🔍 ffmpeg 深度验证: 95 个需要验证，665 个来自缓存
2026-06-06 14:47:17,767 - IPTVCollector - INFO - 🔍 ffmpeg 深度验证完成，通过 702/760 个频道
2026-06-06 14:47:17,767 - IPTVCollector - INFO - 📊 通过ffmpeg深度验证的频道数: 702
2026-06-06 14:47:18,335 - IPTVCollector - INFO - 💾 已保存 702 个频道源到数据库缓存
2026-06-06 14:47:18,341 - IPTVCollector - INFO - 📊 合并后的频道数: 616
2026-06-06 14:47:18,345 - IPTVCollector - INFO - 📊 黑名单过滤后: 596 (减少 20)
2026-06-06 14:47:18,572 - IPTVCollector - INFO - 📊 Demo筛选后: 412 (减少 184)
2026-06-06 14:47:18,572 - IPTVCollector - INFO - 📝 未匹配频道示例（前20个，用于调试）：
2026-06-06 14:47:18,572 - IPTVCollector - INFO -   1. 春晚1986 (分类: 其他)
2026-06-06 14:47:18,572 - IPTVCollector - INFO -   2. 春晚1987 (分类: 其他)
2026-06-06 14:47:18,572 - IPTVCollector - INFO -   3. 春晚1989 (分类: 其他)
2026-06-06 14:47:18,572 - IPTVCollector - INFO -   4. 春晚1993 (分类: 其他)
2026-06-06 14:47:18,572 - IPTVCollector - INFO -   5. 春晚1994 (分类: 其他)
2026-06-06 14:47:18,572 - IPTVCollector - INFO -   6. 春晚1995 (分类: 其他)
2026-06-06 14:47:18,572 - IPTVCollector - INFO -   7. 春晚2000 (分类: 其他)
2026-06-06 14:47:18,572 - IPTVCollector - INFO -   8. 春晚2003 (分类: 其他)
2026-06-06 14:47:18,572 - IPTVCollector - INFO -   9. 春晚2004 (分类: 其他)
2026-06-06 14:47:18,572 - IPTVCollector - INFO -   10. 春晚2005 (分类: 其他)
2026-06-06 14:47:18,572 - IPTVCollector - INFO -   11. 春晚2006 (分类: 其他)
2026-06-06 14:47:18,573 - IPTVCollector - INFO -   12. 春晚2010 (分类: 其他)
2026-06-06 14:47:18,573 - IPTVCollector - INFO -   13. 春晚2011 (分类: 其他)
2026-06-06 14:47:18,573 - IPTVCollector - INFO -   14. 春晚2013 (分类: 其他)
2026-06-06 14:47:18,573 - IPTVCollector - INFO -   15. 春晚2014 (分类: 其他)
2026-06-06 14:47:18,573 - IPTVCollector - INFO -   16. 春晚2015 (分类: 其他)
2026-06-06 14:47:18,573 - IPTVCollector - INFO -   17. 春晚2017 (分类: 其他)
2026-06-06 14:47:18,573 - IPTVCollector - INFO -   18. 春晚2018 (分类: 其他)
2026-06-06 14:47:18,573 - IPTVCollector - INFO -   19. 春晚2019 (分类: 其他)
2026-06-06 14:47:18,573 - IPTVCollector - INFO -   20. 春晚2021 (分类: 其他)
2026-06-06 14:47:18,578 - IPTVCollector - INFO - 
🎉 最终有效频道分类统计：
2026-06-06 14:47:18,579 - IPTVCollector - INFO -   央视: 20 个频道
2026-06-06 14:47:18,579 - IPTVCollector - INFO -   其他: 150 个频道
2026-06-06 14:47:18,579 - IPTVCollector - INFO -   卫视: 37 个频道
2026-06-06 14:47:18,579 - IPTVCollector - INFO -   港澳台: 52 个频道
2026-06-06 14:47:18,579 - IPTVCollector - INFO -   地方: 153 个频道
2026-06-06 14:47:18,580 - IPTVCollector - INFO - ✅ M3U 文件已生成: /home/runner/work/ITV/ITV/output/tv.m3u
2026-06-06 14:47:18,580 - IPTVCollector - INFO - ✅ TXT 文件已生成: /home/runner/work/ITV/ITV/output/tv.txt
2026-06-06 14:47:18,580 - IPTVCollector - INFO - 🎉 完成！有效频道总数: 412
2026-06-06 14:47:18,581 - IPTVCollector - INFO - 📊 统计信息已保存至 /home/runner/work/ITV/ITV/output/stats.json
2026-06-06 19:41:38,505 - IPTVCollector - INFO - 🚀 IPTV智能整理平台启动
2026-06-06 19:41:38,505 - IPTVCollector - INFO - 📡 配置：超时=10s, 并发=10, ffmpeg=True
2026-06-06 19:41:38,505 - IPTVCollector - INFO - 📋 增强过滤: demo=True, alias=True, blacklist=True
2026-06-06 19:41:38,511 - IPTVCollector - INFO - ✅ IP 数据库加载成功: /home/runner/work/ITV/ITV/qqwry.dat, 版本: ('纯真网络', '2024年09月25日IP数据')
2026-06-06 19:41:38,511 - IPTVCollector - INFO - ✅ IP解析器已就绪
2026-06-06 19:41:38,562 - IPTVCollector - INFO - ✅ 数据库缓存已启用: /home/runner/work/ITV/ITV/iptv_cache.db
2026-06-06 19:41:38,573 - IPTVCollector - INFO - 🧹 清理过期缓存: raw表保留24小时, speed表保留24小时
2026-06-06 19:41:38,573 - IPTVCollector - INFO - 
📥 执行增量源检测和拉取...
2026-06-06 19:41:38,575 - IPTVCollector - INFO - 🔄 源有更新，拉取: https://raw.githubusercontent.com/iptv-org/iptv/gh-pages/countries/cn.m3u
2026-06-06 19:41:38,575 - IPTVCollector - INFO - 🔄 源有更新，拉取: https://raw.githubusercontent.com/iptv-org/iptv/master/streams/cn.m3u
2026-06-06 19:41:38,576 - IPTVCollector - INFO - 🔄 源有更新，拉取: https://raw.githubusercontent.com/vbskycn/iptv/master/tv/iptv4.txt
2026-06-06 19:41:38,577 - IPTVCollector - INFO - 🔄 源有更新，拉取: https://raw.githubusercontent.com/zzgpy1/iptv-api/master/output/result.txt
2026-06-06 19:41:38,577 - IPTVCollector - INFO - 🔄 源有更新，拉取: https://raw.githubusercontent.com/dogwalkerg/IPTV-collect-tv-txt/main/others_output.txt
2026-06-06 19:41:38,577 - IPTVCollector - INFO - 🔄 源有更新，拉取: https://raw.githubusercontent.com/zzgpy1/Collect-IPTV/main/best_sorted.m3u
2026-06-06 19:41:38,577 - IPTVCollector - INFO - 🔄 源有更新，拉取: https://raw.githubusercontent.com/zzgpy1/UniIPTV/gh-pages/tv.m3u
2026-06-06 19:41:38,577 - IPTVCollector - INFO - 🔄 源有更新，拉取: https://raw.githubusercontent.com/YueChan/Live/main/IPTV.m3u
2026-06-06 19:41:38,578 - IPTVCollector - INFO - 🔄 源有更新，拉取: https://raw.githubusercontent.com/fanmingming/live/main/tv/m3u/ipv6.m3u
2026-06-06 19:41:38,578 - IPTVCollector - INFO - 🔄 源有更新，拉取: https://raw.githubusercontent.com/Kimentanm/aptv/master/m3u/iptv.m3u
2026-06-06 19:41:38,578 - IPTVCollector - INFO - 🔄 源有更新，拉取: https://tv.19860519.xyz/abc123
2026-06-06 19:41:38,904 - IPTVCollector - INFO - 📊 原始频道数（去重后）: 1556
2026-06-06 19:41:39,188 - IPTVCollector - INFO - ⚡ 测速: 836 个新频道需探测，720 个来自缓存
2026-06-06 19:47:39,641 - IPTVCollector - INFO - ✅ 测速完成，有效频道 739/1556
2026-06-06 19:47:39,641 - IPTVCollector - INFO - 📊 通过HTTP测速的频道数: 739
2026-06-06 19:47:39,819 - IPTVCollector - INFO - 🔍 ffmpeg 深度验证: 73 个需要验证，666 个来自缓存
2026-06-06 19:49:42,528 - IPTVCollector - INFO - 🔍 ffmpeg 深度验证完成，通过 684/739 个频道
2026-06-06 19:49:42,528 - IPTVCollector - INFO - 📊 通过ffmpeg深度验证的频道数: 684
2026-06-06 19:49:43,068 - IPTVCollector - INFO - 💾 已保存 684 个频道源到数据库缓存
2026-06-06 19:49:43,074 - IPTVCollector - INFO - 📊 合并后的频道数: 600
2026-06-06 19:49:43,079 - IPTVCollector - INFO - 📊 黑名单过滤后: 580 (减少 20)
2026-06-06 19:49:43,302 - IPTVCollector - INFO - 📊 Demo筛选后: 403 (减少 177)
2026-06-06 19:49:43,302 - IPTVCollector - INFO - 📝 未匹配频道示例（前20个，用于调试）：
2026-06-06 19:49:43,302 - IPTVCollector - INFO -   1. 春晚1986 (分类: 其他)
2026-06-06 19:49:43,302 - IPTVCollector - INFO -   2. 春晚1987 (分类: 其他)
2026-06-06 19:49:43,303 - IPTVCollector - INFO -   3. 春晚1989 (分类: 其他)
2026-06-06 19:49:43,303 - IPTVCollector - INFO -   4. 春晚1993 (分类: 其他)
2026-06-06 19:49:43,303 - IPTVCollector - INFO -   5. 春晚1994 (分类: 其他)
2026-06-06 19:49:43,303 - IPTVCollector - INFO -   6. 春晚1995 (分类: 其他)
2026-06-06 19:49:43,303 - IPTVCollector - INFO -   7. 春晚2000 (分类: 其他)
2026-06-06 19:49:43,303 - IPTVCollector - INFO -   8. 春晚2003 (分类: 其他)
2026-06-06 19:49:43,303 - IPTVCollector - INFO -   9. 春晚2004 (分类: 其他)
2026-06-06 19:49:43,303 - IPTVCollector - INFO -   10. 春晚2005 (分类: 其他)
2026-06-06 19:49:43,303 - IPTVCollector - INFO -   11. 春晚2006 (分类: 其他)
2026-06-06 19:49:43,303 - IPTVCollector - INFO -   12. 春晚2010 (分类: 其他)
2026-06-06 19:49:43,303 - IPTVCollector - INFO -   13. 春晚2011 (分类: 其他)
2026-06-06 19:49:43,303 - IPTVCollector - INFO -   14. 春晚2013 (分类: 其他)
2026-06-06 19:49:43,303 - IPTVCollector - INFO -   15. 春晚2014 (分类: 其他)
2026-06-06 19:49:43,303 - IPTVCollector - INFO -   16. 春晚2015 (分类: 其他)
2026-06-06 19:49:43,303 - IPTVCollector - INFO -   17. 春晚2017 (分类: 其他)
2026-06-06 19:49:43,303 - IPTVCollector - INFO -   18. 春晚2018 (分类: 其他)
2026-06-06 19:49:43,303 - IPTVCollector - INFO -   19. 春晚2019 (分类: 其他)
2026-06-06 19:49:43,303 - IPTVCollector - INFO -   20. 春晚2021 (分类: 其他)
2026-06-06 19:49:43,308 - IPTVCollector - INFO - 
🎉 最终有效频道分类统计：
2026-06-06 19:49:43,309 - IPTVCollector - INFO -   央视: 20 个频道
2026-06-06 19:49:43,309 - IPTVCollector - INFO -   其他: 142 个频道
2026-06-06 19:49:43,309 - IPTVCollector - INFO -   卫视: 38 个频道
2026-06-06 19:49:43,309 - IPTVCollector - INFO -   港澳台: 51 个频道
2026-06-06 19:49:43,309 - IPTVCollector - INFO -   地方: 152 个频道
2026-06-06 19:49:43,310 - IPTVCollector - INFO - ✅ M3U 文件已生成: /home/runner/work/ITV/ITV/output/tv.m3u
2026-06-06 19:49:43,310 - IPTVCollector - INFO - ✅ TXT 文件已生成: /home/runner/work/ITV/ITV/output/tv.txt
2026-06-06 19:49:43,310 - IPTVCollector - INFO - 🎉 完成！有效频道总数: 403
2026-06-06 19:49:43,310 - IPTVCollector - INFO - 📊 统计信息已保存至 /home/runner/work/ITV/ITV/output/stats.json
2026-06-07 04:43:55,583 - IPTVCollector - INFO - 🚀 IPTV智能整理平台启动
2026-06-07 04:43:55,583 - IPTVCollector - INFO - 📡 配置：超时=10s, 并发=10, ffmpeg=True
2026-06-07 04:43:55,583 - IPTVCollector - INFO - 📋 增强过滤: demo=True, alias=True, blacklist=True
2026-06-07 04:43:55,591 - IPTVCollector - INFO - ✅ IP 数据库加载成功: /home/runner/work/ITV/ITV/qqwry.dat, 版本: ('纯真网络', '2024年09月25日IP数据')
2026-06-07 04:43:55,592 - IPTVCollector - INFO - ✅ IP解析器已就绪
2026-06-07 04:43:55,634 - IPTVCollector - INFO - ✅ 数据库缓存已启用: /home/runner/work/ITV/ITV/iptv_cache.db
2026-06-07 04:43:55,642 - IPTVCollector - INFO - 🧹 清理过期缓存: raw表保留24小时, speed表保留24小时
2026-06-07 04:43:55,642 - IPTVCollector - INFO - 
📥 执行增量源检测和拉取...
2026-06-07 04:43:55,644 - IPTVCollector - INFO - 🔄 源有更新，拉取: https://raw.githubusercontent.com/iptv-org/iptv/gh-pages/countries/cn.m3u
2026-06-07 04:43:55,645 - IPTVCollector - INFO - 🔄 源有更新，拉取: https://raw.githubusercontent.com/iptv-org/iptv/master/streams/cn.m3u
2026-06-07 04:43:55,645 - IPTVCollector - INFO - 🔄 源有更新，拉取: https://raw.githubusercontent.com/vbskycn/iptv/master/tv/iptv4.txt
2026-06-07 04:43:55,645 - IPTVCollector - INFO - 🔄 源有更新，拉取: https://raw.githubusercontent.com/zzgpy1/iptv-api/master/output/result.txt
2026-06-07 04:43:55,645 - IPTVCollector - INFO - 🔄 源有更新，拉取: https://raw.githubusercontent.com/dogwalkerg/IPTV-collect-tv-txt/main/others_output.txt
2026-06-07 04:43:55,646 - IPTVCollector - INFO - 🔄 源有更新，拉取: https://raw.githubusercontent.com/zzgpy1/Collect-IPTV/main/best_sorted.m3u
2026-06-07 04:43:55,647 - IPTVCollector - INFO - 🔄 源有更新，拉取: https://raw.githubusercontent.com/zzgpy1/UniIPTV/gh-pages/tv.m3u
2026-06-07 04:43:55,647 - IPTVCollector - INFO - 🔄 源有更新，拉取: https://raw.githubusercontent.com/YueChan/Live/main/IPTV.m3u
2026-06-07 04:43:55,647 - IPTVCollector - INFO - 🔄 源有更新，拉取: https://raw.githubusercontent.com/fanmingming/live/main/tv/m3u/ipv6.m3u
2026-06-07 04:43:55,647 - IPTVCollector - INFO - 🔄 源有更新，拉取: https://raw.githubusercontent.com/Kimentanm/aptv/master/m3u/iptv.m3u
2026-06-07 04:43:55,648 - IPTVCollector - INFO - 🔄 源有更新，拉取: https://tv.19860519.xyz/abc123
2026-06-07 04:43:56,159 - IPTVCollector - INFO - 📊 原始频道数（去重后）: 1557
2026-06-07 04:43:56,417 - IPTVCollector - INFO - ⚡ 测速: 830 个新频道需探测，727 个来自缓存
2026-06-07 04:49:58,592 - IPTVCollector - INFO - ✅ 测速完成，有效频道 741/1557
2026-06-07 04:49:58,592 - IPTVCollector - INFO - 📊 通过HTTP测速的频道数: 741
2026-06-07 04:49:58,784 - IPTVCollector - INFO - 🔍 ffmpeg 深度验证: 72 个需要验证，669 个来自缓存
2026-06-07 04:52:04,107 - IPTVCollector - INFO - 🔍 ffmpeg 深度验证完成，通过 680/741 个频道
2026-06-07 04:52:04,108 - IPTVCollector - INFO - 📊 通过ffmpeg深度验证的频道数: 680
2026-06-07 04:52:04,596 - IPTVCollector - INFO - 💾 已保存 680 个频道源到数据库缓存
2026-06-07 04:52:04,602 - IPTVCollector - INFO - 📊 合并后的频道数: 596
2026-06-07 04:52:04,606 - IPTVCollector - INFO - 📊 黑名单过滤后: 577 (减少 19)
2026-06-07 04:52:04,843 - IPTVCollector - INFO - 📊 Demo筛选后: 402 (减少 175)
2026-06-07 04:52:04,843 - IPTVCollector - INFO - 📝 未匹配频道示例（前20个，用于调试）：
2026-06-07 04:52:04,843 - IPTVCollector - INFO -   1. 春晚1986 (分类: 其他)
2026-06-07 04:52:04,843 - IPTVCollector - INFO -   2. 春晚1987 (分类: 其他)
2026-06-07 04:52:04,843 - IPTVCollector - INFO -   3. 春晚1989 (分类: 其他)
2026-06-07 04:52:04,843 - IPTVCollector - INFO -   4. 春晚1993 (分类: 其他)
2026-06-07 04:52:04,844 - IPTVCollector - INFO -   5. 春晚1994 (分类: 其他)
2026-06-07 04:52:04,844 - IPTVCollector - INFO -   6. 春晚1995 (分类: 其他)
2026-06-07 04:52:04,844 - IPTVCollector - INFO -   7. 春晚2000 (分类: 其他)
2026-06-07 04:52:04,844 - IPTVCollector - INFO -   8. 春晚2003 (分类: 其他)
2026-06-07 04:52:04,844 - IPTVCollector - INFO -   9. 春晚2004 (分类: 其他)
2026-06-07 04:52:04,844 - IPTVCollector - INFO -   10. 春晚2005 (分类: 其他)
2026-06-07 04:52:04,844 - IPTVCollector - INFO -   11. 春晚2006 (分类: 其他)
2026-06-07 04:52:04,844 - IPTVCollector - INFO -   12. 春晚2010 (分类: 其他)
2026-06-07 04:52:04,844 - IPTVCollector - INFO -   13. 春晚2011 (分类: 其他)
2026-06-07 04:52:04,844 - IPTVCollector - INFO -   14. 春晚2013 (分类: 其他)
2026-06-07 04:52:04,844 - IPTVCollector - INFO -   15. 春晚2014 (分类: 其他)
2026-06-07 04:52:04,844 - IPTVCollector - INFO -   16. 春晚2015 (分类: 其他)
2026-06-07 04:52:04,844 - IPTVCollector - INFO -   17. 春晚2017 (分类: 其他)
2026-06-07 04:52:04,844 - IPTVCollector - INFO -   18. 春晚2018 (分类: 其他)
2026-06-07 04:52:04,845 - IPTVCollector - INFO -   19. 春晚2019 (分类: 其他)
2026-06-07 04:52:04,845 - IPTVCollector - INFO -   20. 春晚2021 (分类: 其他)
2026-06-07 04:52:04,850 - IPTVCollector - INFO - 
🎉 最终有效频道分类统计：
2026-06-07 04:52:04,850 - IPTVCollector - INFO -   央视: 20 个频道
2026-06-07 04:52:04,850 - IPTVCollector - INFO -   其他: 142 个频道
2026-06-07 04:52:04,850 - IPTVCollector - INFO -   卫视: 37 个频道
2026-06-07 04:52:04,850 - IPTVCollector - INFO -   港澳台: 51 个频道
2026-06-07 04:52:04,850 - IPTVCollector - INFO -   地方: 152 个频道
2026-06-07 04:52:04,851 - IPTVCollector - INFO - ✅ M3U 文件已生成: /home/runner/work/ITV/ITV/output/tv.m3u
2026-06-07 04:52:04,851 - IPTVCollector - INFO - ✅ TXT 文件已生成: /home/runner/work/ITV/ITV/output/tv.txt
2026-06-07 04:52:04,851 - IPTVCollector - INFO - 🎉 完成！有效频道总数: 402
2026-06-07 04:52:04,851 - IPTVCollector - INFO - 📊 统计信息已保存至 /home/runner/work/ITV/ITV/output/stats.json
2026-06-07 06:07:37,189 - IPTVCollector - INFO - 🚀 IPTV智能整理平台启动
2026-06-07 06:07:37,189 - IPTVCollector - INFO - 📡 配置：超时=10s, 并发=10, ffmpeg=True
2026-06-07 06:07:37,189 - IPTVCollector - INFO - 📋 增强过滤: demo=True, alias=True, blacklist=True
2026-06-07 06:07:37,195 - IPTVCollector - INFO - ✅ IP 数据库加载成功: /home/runner/work/ITV/ITV/qqwry.dat, 版本: ('纯真网络', '2024年09月25日IP数据')
2026-06-07 06:07:37,195 - IPTVCollector - INFO - ✅ IP解析器已就绪
2026-06-07 06:07:37,241 - IPTVCollector - INFO - ✅ 数据库缓存已启用: /home/runner/work/ITV/ITV/iptv_cache.db
2026-06-07 06:07:37,253 - IPTVCollector - INFO - 🧹 清理过期缓存: raw表保留24小时, speed表保留24小时
2026-06-07 06:07:37,254 - IPTVCollector - INFO - 
📥 执行增量源检测和拉取...
2026-06-07 06:07:37,256 - IPTVCollector - INFO - 🔄 源有更新，拉取: https://raw.githubusercontent.com/iptv-org/iptv/gh-pages/countries/cn.m3u
2026-06-07 06:07:37,257 - IPTVCollector - INFO - 🔄 源有更新，拉取: https://raw.githubusercontent.com/iptv-org/iptv/master/streams/cn.m3u
2026-06-07 06:07:37,257 - IPTVCollector - INFO - 🔄 源有更新，拉取: https://raw.githubusercontent.com/vbskycn/iptv/master/tv/iptv4.txt
2026-06-07 06:07:37,257 - IPTVCollector - INFO - 🔄 源有更新，拉取: https://raw.githubusercontent.com/zzgpy1/iptv-api/master/output/result.txt
2026-06-07 06:07:37,257 - IPTVCollector - INFO - 🔄 源有更新，拉取: https://raw.githubusercontent.com/dogwalkerg/IPTV-collect-tv-txt/main/others_output.txt
2026-06-07 06:07:37,258 - IPTVCollector - INFO - 🔄 源有更新，拉取: https://raw.githubusercontent.com/zzgpy1/Collect-IPTV/main/best_sorted.m3u
2026-06-07 06:07:37,258 - IPTVCollector - INFO - 🔄 源有更新，拉取: https://raw.githubusercontent.com/zzgpy1/UniIPTV/gh-pages/tv.m3u
2026-06-07 06:07:37,258 - IPTVCollector - INFO - 🔄 源有更新，拉取: https://raw.githubusercontent.com/YueChan/Live/main/IPTV.m3u
2026-06-07 06:07:37,258 - IPTVCollector - INFO - 🔄 源有更新，拉取: https://raw.githubusercontent.com/fanmingming/live/main/tv/m3u/ipv6.m3u
2026-06-07 06:07:37,258 - IPTVCollector - INFO - 🔄 源有更新，拉取: https://raw.githubusercontent.com/Kimentanm/aptv/master/m3u/iptv.m3u
2026-06-07 06:07:37,258 - IPTVCollector - INFO - 🔄 源有更新，拉取: https://tv.19860519.xyz/abc123
2026-06-07 06:07:37,657 - IPTVCollector - INFO - 📊 原始频道数（去重后）: 1557
2026-06-07 06:07:38,018 - IPTVCollector - INFO - ⚡ 测速: 817 个新频道需探测，740 个来自缓存
2026-06-07 06:13:43,366 - IPTVCollector - INFO - ✅ 测速完成，有效频道 741/1557
2026-06-07 06:13:43,366 - IPTVCollector - INFO - 📊 通过HTTP测速的频道数: 741
2026-06-07 06:13:43,601 - IPTVCollector - INFO - 🔍 ffmpeg 深度验证: 61 个需要验证，680 个来自缓存
2026-06-07 06:15:49,979 - IPTVCollector - INFO - 🔍 ffmpeg 深度验证完成，通过 681/741 个频道
2026-06-07 06:15:49,979 - IPTVCollector - INFO - 📊 通过ffmpeg深度验证的频道数: 681
2026-06-07 06:15:50,654 - IPTVCollector - INFO - 💾 已保存 681 个频道源到数据库缓存
2026-06-07 06:15:50,660 - IPTVCollector - INFO - 📊 合并后的频道数: 596
2026-06-07 06:15:50,664 - IPTVCollector - INFO - 📊 黑名单过滤后: 577 (减少 19)
2026-06-07 06:15:50,899 - IPTVCollector - INFO - 📊 Demo筛选后: 402 (减少 175)
2026-06-07 06:15:50,899 - IPTVCollector - INFO - 📝 未匹配频道示例（前20个，用于调试）：
2026-06-07 06:15:50,899 - IPTVCollector - INFO -   1. 春晚1986 (分类: 其他)
2026-06-07 06:15:50,899 - IPTVCollector - INFO -   2. 春晚1987 (分类: 其他)
2026-06-07 06:15:50,899 - IPTVCollector - INFO -   3. 春晚1989 (分类: 其他)
2026-06-07 06:15:50,899 - IPTVCollector - INFO -   4. 春晚1993 (分类: 其他)
2026-06-07 06:15:50,899 - IPTVCollector - INFO -   5. 春晚1994 (分类: 其他)
2026-06-07 06:15:50,899 - IPTVCollector - INFO -   6. 春晚1995 (分类: 其他)
2026-06-07 06:15:50,899 - IPTVCollector - INFO -   7. 春晚2000 (分类: 其他)
2026-06-07 06:15:50,899 - IPTVCollector - INFO -   8. 春晚2003 (分类: 其他)
2026-06-07 06:15:50,900 - IPTVCollector - INFO -   9. 春晚2004 (分类: 其他)
2026-06-07 06:15:50,900 - IPTVCollector - INFO -   10. 春晚2005 (分类: 其他)
2026-06-07 06:15:50,900 - IPTVCollector - INFO -   11. 春晚2006 (分类: 其他)
2026-06-07 06:15:50,900 - IPTVCollector - INFO -   12. 春晚2010 (分类: 其他)
2026-06-07 06:15:50,900 - IPTVCollector - INFO -   13. 春晚2011 (分类: 其他)
2026-06-07 06:15:50,900 - IPTVCollector - INFO -   14. 春晚2013 (分类: 其他)
2026-06-07 06:15:50,900 - IPTVCollector - INFO -   15. 春晚2014 (分类: 其他)
2026-06-07 06:15:50,900 - IPTVCollector - INFO -   16. 春晚2015 (分类: 其他)
2026-06-07 06:15:50,900 - IPTVCollector - INFO -   17. 春晚2017 (分类: 其他)
2026-06-07 06:15:50,900 - IPTVCollector - INFO -   18. 春晚2018 (分类: 其他)
2026-06-07 06:15:50,900 - IPTVCollector - INFO -   19. 春晚2019 (分类: 其他)
2026-06-07 06:15:50,900 - IPTVCollector - INFO -   20. 春晚2021 (分类: 其他)
2026-06-07 06:15:50,905 - IPTVCollector - INFO - 
🎉 最终有效频道分类统计：
2026-06-07 06:15:50,905 - IPTVCollector - INFO -   央视: 20 个频道
2026-06-07 06:15:50,905 - IPTVCollector - INFO -   其他: 142 个频道
2026-06-07 06:15:50,905 - IPTVCollector - INFO -   卫视: 37 个频道
2026-06-07 06:15:50,905 - IPTVCollector - INFO -   港澳台: 51 个频道
2026-06-07 06:15:50,905 - IPTVCollector - INFO -   地方: 152 个频道
2026-06-07 06:15:50,906 - IPTVCollector - INFO - ✅ M3U 文件已生成: /home/runner/work/ITV/ITV/output/tv.m3u
2026-06-07 06:15:50,907 - IPTVCollector - INFO - ✅ TXT 文件已生成: /home/runner/work/ITV/ITV/output/tv.txt
2026-06-07 06:15:50,907 - IPTVCollector - INFO - 🎉 完成！有效频道总数: 402
2026-06-07 06:15:50,907 - IPTVCollector - INFO - 📊 统计信息已保存至 /home/runner/work/ITV/ITV/output/stats.json
2026-06-07 09:27:33,050 - IPTVCollector - INFO - 🚀 IPTV智能整理平台启动
2026-06-07 09:27:33,051 - IPTVCollector - INFO - 📡 配置：超时=10s, 并发=10, ffmpeg=True
2026-06-07 09:27:33,051 - IPTVCollector - INFO - 📋 增强过滤: demo=True, alias=True, blacklist=True
2026-06-07 09:27:33,056 - IPTVCollector - INFO - ✅ IP 数据库加载成功: /home/runner/work/ITV/ITV/qqwry.dat, 版本: ('纯真网络', '2024年09月25日IP数据')
2026-06-07 09:27:33,056 - IPTVCollector - INFO - ✅ IP解析器已就绪
2026-06-07 09:27:33,104 - IPTVCollector - INFO - ✅ 数据库缓存已启用: /home/runner/work/ITV/ITV/iptv_cache.db
2026-06-07 09:27:33,116 - IPTVCollector - INFO - 🧹 清理过期缓存: raw表保留24小时, speed表保留24小时
2026-06-07 09:27:33,116 - IPTVCollector - INFO - 
📥 执行增量源检测和拉取...
2026-06-07 09:27:33,118 - IPTVCollector - INFO - 🔄 源有更新，拉取: https://raw.githubusercontent.com/iptv-org/iptv/gh-pages/countries/cn.m3u
2026-06-07 09:27:33,119 - IPTVCollector - INFO - 🔄 源有更新，拉取: https://raw.githubusercontent.com/iptv-org/iptv/master/streams/cn.m3u
2026-06-07 09:27:33,119 - IPTVCollector - INFO - 🔄 源有更新，拉取: https://raw.githubusercontent.com/vbskycn/iptv/master/tv/iptv4.txt
2026-06-07 09:27:33,119 - IPTVCollector - INFO - 🔄 源有更新，拉取: https://raw.githubusercontent.com/zzgpy1/iptv-api/master/output/result.txt
2026-06-07 09:27:33,119 - IPTVCollector - INFO - 🔄 源有更新，拉取: https://raw.githubusercontent.com/dogwalkerg/IPTV-collect-tv-txt/main/others_output.txt
2026-06-07 09:27:33,120 - IPTVCollector - INFO - 🔄 源有更新，拉取: https://raw.githubusercontent.com/zzgpy1/Collect-IPTV/main/best_sorted.m3u
2026-06-07 09:27:33,120 - IPTVCollector - INFO - 🔄 源有更新，拉取: https://raw.githubusercontent.com/zzgpy1/UniIPTV/gh-pages/tv.m3u
2026-06-07 09:27:33,121 - IPTVCollector - INFO - 🔄 源有更新，拉取: https://raw.githubusercontent.com/YueChan/Live/main/IPTV.m3u
2026-06-07 09:27:33,121 - IPTVCollector - INFO - 🔄 源有更新，拉取: https://raw.githubusercontent.com/fanmingming/live/main/tv/m3u/ipv6.m3u
2026-06-07 09:27:33,121 - IPTVCollector - INFO - 🔄 源有更新，拉取: https://raw.githubusercontent.com/Kimentanm/aptv/master/m3u/iptv.m3u
2026-06-07 09:27:33,122 - IPTVCollector - INFO - 🔄 源有更新，拉取: https://tv.19860519.xyz/abc123
2026-06-07 09:27:33,351 - IPTVCollector - INFO - 📊 原始频道数（去重后）: 1544
2026-06-07 09:27:33,762 - IPTVCollector - INFO - ⚡ 测速: 866 个新频道需探测，678 个来自缓存
2026-06-07 09:33:40,169 - IPTVCollector - INFO - ✅ 测速完成，有效频道 738/1544
2026-06-07 09:33:40,170 - IPTVCollector - INFO - 📊 通过HTTP测速的频道数: 738
2026-06-07 09:33:40,449 - IPTVCollector - INFO - 🔍 ffmpeg 深度验证: 66 个需要验证，672 个来自缓存
2026-06-07 09:35:20,910 - IPTVCollector - INFO - 🔍 ffmpeg 深度验证完成，通过 686/738 个频道
2026-06-07 09:35:20,910 - IPTVCollector - INFO - 📊 通过ffmpeg深度验证的频道数: 686
2026-06-07 09:35:21,605 - IPTVCollector - INFO - 💾 已保存 686 个频道源到数据库缓存
2026-06-07 09:35:21,611 - IPTVCollector - INFO - 📊 合并后的频道数: 600
2026-06-07 09:35:21,616 - IPTVCollector - INFO - 📊 黑名单过滤后: 580 (减少 20)
2026-06-07 09:35:21,852 - IPTVCollector - INFO - 📊 Demo筛选后: 405 (减少 175)
2026-06-07 09:35:21,852 - IPTVCollector - INFO - 📝 未匹配频道示例（前20个，用于调试）：
2026-06-07 09:35:21,852 - IPTVCollector - INFO -   1. 春晚1986 (分类: 其他)
2026-06-07 09:35:21,852 - IPTVCollector - INFO -   2. 春晚1987 (分类: 其他)
2026-06-07 09:35:21,853 - IPTVCollector - INFO -   3. 春晚1989 (分类: 其他)
2026-06-07 09:35:21,853 - IPTVCollector - INFO -   4. 春晚1993 (分类: 其他)
2026-06-07 09:35:21,853 - IPTVCollector - INFO -   5. 春晚1994 (分类: 其他)
2026-06-07 09:35:21,853 - IPTVCollector - INFO -   6. 春晚1995 (分类: 其他)
2026-06-07 09:35:21,853 - IPTVCollector - INFO -   7. 春晚2000 (分类: 其他)
2026-06-07 09:35:21,853 - IPTVCollector - INFO -   8. 春晚2003 (分类: 其他)
2026-06-07 09:35:21,853 - IPTVCollector - INFO -   9. 春晚2004 (分类: 其他)
2026-06-07 09:35:21,853 - IPTVCollector - INFO -   10. 春晚2005 (分类: 其他)
2026-06-07 09:35:21,853 - IPTVCollector - INFO -   11. 春晚2006 (分类: 其他)
2026-06-07 09:35:21,853 - IPTVCollector - INFO -   12. 春晚2010 (分类: 其他)
2026-06-07 09:35:21,853 - IPTVCollector - INFO -   13. 春晚2011 (分类: 其他)
2026-06-07 09:35:21,853 - IPTVCollector - INFO -   14. 春晚2013 (分类: 其他)
2026-06-07 09:35:21,854 - IPTVCollector - INFO -   15. 春晚2014 (分类: 其他)
2026-06-07 09:35:21,854 - IPTVCollector - INFO -   16. 春晚2015 (分类: 其他)
2026-06-07 09:35:21,854 - IPTVCollector - INFO -   17. 春晚2017 (分类: 其他)
2026-06-07 09:35:21,854 - IPTVCollector - INFO -   18. 春晚2018 (分类: 其他)
2026-06-07 09:35:21,854 - IPTVCollector - INFO -   19. 春晚2019 (分类: 其他)
2026-06-07 09:35:21,854 - IPTVCollector - INFO -   20. 春晚2021 (分类: 其他)
2026-06-07 09:35:21,859 - IPTVCollector - INFO - 
🎉 最终有效频道分类统计：
2026-06-07 09:35:21,859 - IPTVCollector - INFO -   央视: 20 个频道
2026-06-07 09:35:21,860 - IPTVCollector - INFO -   其他: 144 个频道
2026-06-07 09:35:21,860 - IPTVCollector - INFO -   卫视: 37 个频道
2026-06-07 09:35:21,860 - IPTVCollector - INFO -   港澳台: 51 个频道
2026-06-07 09:35:21,860 - IPTVCollector - INFO -   地方: 153 个频道
2026-06-07 09:35:21,861 - IPTVCollector - INFO - ✅ M3U 文件已生成: /home/runner/work/ITV/ITV/output/tv.m3u
2026-06-07 09:35:21,861 - IPTVCollector - INFO - ✅ TXT 文件已生成: /home/runner/work/ITV/ITV/output/tv.txt
2026-06-07 09:35:21,861 - IPTVCollector - INFO - 🎉 完成！有效频道总数: 405
2026-06-07 09:35:21,862 - IPTVCollector - INFO - 📊 统计信息已保存至 /home/runner/work/ITV/ITV/output/stats.json
2026-06-07 14:09:45,537 - IPTVCollector - INFO - 🚀 IPTV智能整理平台启动
2026-06-07 14:09:45,538 - IPTVCollector - INFO - 📡 配置：超时=10s, 并发=10, ffmpeg=True
2026-06-07 14:09:45,538 - IPTVCollector - INFO - 📋 增强过滤: demo=True, alias=True, blacklist=True
2026-06-07 14:09:45,543 - IPTVCollector - INFO - ✅ IP 数据库加载成功: /home/runner/work/ITV/ITV/qqwry.dat, 版本: ('纯真网络', '2024年09月25日IP数据')
2026-06-07 14:09:45,543 - IPTVCollector - INFO - ✅ IP解析器已就绪
2026-06-07 14:09:45,595 - IPTVCollector - INFO - ✅ 数据库缓存已启用: /home/runner/work/ITV/ITV/iptv_cache.db
2026-06-07 14:09:45,608 - IPTVCollector - INFO - 🧹 清理过期缓存: raw表保留24小时, speed表保留24小时
2026-06-07 14:09:45,608 - IPTVCollector - INFO - 
📥 执行增量源检测和拉取...
2026-06-07 14:09:45,609 - IPTVCollector - INFO - 🔄 源有更新，拉取: https://raw.githubusercontent.com/iptv-org/iptv/gh-pages/countries/cn.m3u
2026-06-07 14:09:45,610 - IPTVCollector - INFO - 🔄 源有更新，拉取: https://raw.githubusercontent.com/iptv-org/iptv/master/streams/cn.m3u
2026-06-07 14:09:45,610 - IPTVCollector - INFO - 🔄 源有更新，拉取: https://raw.githubusercontent.com/vbskycn/iptv/master/tv/iptv4.txt
2026-06-07 14:09:45,611 - IPTVCollector - INFO - 🔄 源有更新，拉取: https://raw.githubusercontent.com/zzgpy1/iptv-api/master/output/result.txt
2026-06-07 14:09:45,611 - IPTVCollector - INFO - 🔄 源有更新，拉取: https://raw.githubusercontent.com/dogwalkerg/IPTV-collect-tv-txt/main/others_output.txt
2026-06-07 14:09:45,611 - IPTVCollector - INFO - 🔄 源有更新，拉取: https://raw.githubusercontent.com/zzgpy1/Collect-IPTV/main/best_sorted.m3u
2026-06-07 14:09:45,611 - IPTVCollector - INFO - 🔄 源有更新，拉取: https://raw.githubusercontent.com/YueChan/Live/main/IPTV.m3u
2026-06-07 14:09:45,611 - IPTVCollector - INFO - 🔄 源有更新，拉取: https://raw.githubusercontent.com/fanmingming/live/main/tv/m3u/ipv6.m3u
2026-06-07 14:09:45,612 - IPTVCollector - INFO - 🔄 源有更新，拉取: https://raw.githubusercontent.com/Kimentanm/aptv/master/m3u/iptv.m3u
2026-06-07 14:09:45,612 - IPTVCollector - INFO - 🔄 源有更新，拉取: https://tv.19860519.xyz/abc123
2026-06-07 14:09:46,308 - IPTVCollector - INFO - 📊 原始频道数（去重后）: 1460
2026-06-07 14:09:46,560 - IPTVCollector - INFO - ⚡ 测速: 798 个新频道需探测，662 个来自缓存
2026-06-07 14:15:52,967 - IPTVCollector - INFO - ✅ 测速完成，有效频道 675/1460
2026-06-07 14:15:52,968 - IPTVCollector - INFO - 📊 通过HTTP测速的频道数: 675
2026-06-07 14:15:53,209 - IPTVCollector - INFO - 🔍 ffmpeg 深度验证: 58 个需要验证，617 个来自缓存
2026-06-07 14:17:31,378 - IPTVCollector - INFO - 🔍 ffmpeg 深度验证完成，通过 627/675 个频道
2026-06-07 14:17:31,378 - IPTVCollector - INFO - 📊 通过ffmpeg深度验证的频道数: 627
2026-06-07 14:17:32,035 - IPTVCollector - INFO - 💾 已保存 627 个频道源到数据库缓存
2026-06-07 14:17:32,041 - IPTVCollector - INFO - 📊 合并后的频道数: 581
2026-06-07 14:17:32,045 - IPTVCollector - INFO - 📊 黑名单过滤后: 561 (减少 20)
2026-06-07 14:17:32,277 - IPTVCollector - INFO - 📊 Demo筛选后: 386 (减少 175)
2026-06-07 14:17:32,277 - IPTVCollector - INFO - 📝 未匹配频道示例（前20个，用于调试）：
2026-06-07 14:17:32,278 - IPTVCollector - INFO -   1. 春晚1986 (分类: 其他)
2026-06-07 14:17:32,278 - IPTVCollector - INFO -   2. 春晚1987 (分类: 其他)
2026-06-07 14:17:32,278 - IPTVCollector - INFO -   3. 春晚1989 (分类: 其他)
2026-06-07 14:17:32,278 - IPTVCollector - INFO -   4. 春晚1993 (分类: 其他)
2026-06-07 14:17:32,278 - IPTVCollector - INFO -   5. 春晚1994 (分类: 其他)
2026-06-07 14:17:32,278 - IPTVCollector - INFO -   6. 春晚1995 (分类: 其他)
2026-06-07 14:17:32,278 - IPTVCollector - INFO -   7. 春晚2000 (分类: 其他)
2026-06-07 14:17:32,278 - IPTVCollector - INFO -   8. 春晚2003 (分类: 其他)
2026-06-07 14:17:32,278 - IPTVCollector - INFO -   9. 春晚2004 (分类: 其他)
2026-06-07 14:17:32,278 - IPTVCollector - INFO -   10. 春晚2005 (分类: 其他)
2026-06-07 14:17:32,278 - IPTVCollector - INFO -   11. 春晚2006 (分类: 其他)
2026-06-07 14:17:32,278 - IPTVCollector - INFO -   12. 春晚2010 (分类: 其他)
2026-06-07 14:17:32,278 - IPTVCollector - INFO -   13. 春晚2011 (分类: 其他)
2026-06-07 14:17:32,278 - IPTVCollector - INFO -   14. 春晚2013 (分类: 其他)
2026-06-07 14:17:32,278 - IPTVCollector - INFO -   15. 春晚2014 (分类: 其他)
2026-06-07 14:17:32,278 - IPTVCollector - INFO -   16. 春晚2015 (分类: 其他)
2026-06-07 14:17:32,279 - IPTVCollector - INFO -   17. 春晚2017 (分类: 其他)
2026-06-07 14:17:32,279 - IPTVCollector - INFO -   18. 春晚2018 (分类: 其他)
2026-06-07 14:17:32,279 - IPTVCollector - INFO -   19. 春晚2019 (分类: 其他)
2026-06-07 14:17:32,279 - IPTVCollector - INFO -   20. 春晚2021 (分类: 其他)
2026-06-07 14:17:32,283 - IPTVCollector - INFO - 
🎉 最终有效频道分类统计：
2026-06-07 14:17:32,283 - IPTVCollector - INFO -   央视: 20 个频道
2026-06-07 14:17:32,283 - IPTVCollector - INFO -   其他: 133 个频道
2026-06-07 14:17:32,284 - IPTVCollector - INFO -   卫视: 35 个频道
2026-06-07 14:17:32,284 - IPTVCollector - INFO -   港澳台: 50 个频道
2026-06-07 14:17:32,284 - IPTVCollector - INFO -   地方: 148 个频道
2026-06-07 14:17:32,285 - IPTVCollector - INFO - ✅ M3U 文件已生成: /home/runner/work/ITV/ITV/output/tv.m3u
2026-06-07 14:17:32,285 - IPTVCollector - INFO - ✅ TXT 文件已生成: /home/runner/work/ITV/ITV/output/tv.txt
2026-06-07 14:17:32,286 - IPTVCollector - INFO - 🎉 完成！有效频道总数: 386
2026-06-07 14:17:32,286 - IPTVCollector - INFO - 📊 统计信息已保存至 /home/runner/work/ITV/ITV/output/stats.json
2026-06-07 19:42:44,127 - IPTVCollector - INFO - 🚀 IPTV智能整理平台启动
2026-06-07 19:42:44,127 - IPTVCollector - INFO - 📡 配置：超时=10s, 并发=10, ffmpeg=True
2026-06-07 19:42:44,127 - IPTVCollector - INFO - 📋 增强过滤: demo=True, alias=True, blacklist=True
2026-06-07 19:42:44,133 - IPTVCollector - INFO - ✅ IP 数据库加载成功: /home/runner/work/ITV/ITV/qqwry.dat, 版本: ('纯真网络', '2024年09月25日IP数据')
2026-06-07 19:42:44,133 - IPTVCollector - INFO - ✅ IP解析器已就绪
2026-06-07 19:42:44,182 - IPTVCollector - INFO - ✅ 数据库缓存已启用: /home/runner/work/ITV/ITV/iptv_cache.db
2026-06-07 19:42:44,195 - IPTVCollector - INFO - 🧹 清理过期缓存: raw表保留24小时, speed表保留24小时
2026-06-07 19:42:44,195 - IPTVCollector - INFO - 
📥 执行增量源检测和拉取...
2026-06-07 19:42:44,196 - IPTVCollector - INFO - 🔄 源有更新，拉取: https://raw.githubusercontent.com/iptv-org/iptv/gh-pages/countries/cn.m3u
2026-06-07 19:42:44,197 - IPTVCollector - INFO - 🔄 源有更新，拉取: https://raw.githubusercontent.com/iptv-org/iptv/master/streams/cn.m3u
2026-06-07 19:42:44,197 - IPTVCollector - INFO - 🔄 源有更新，拉取: https://raw.githubusercontent.com/vbskycn/iptv/master/tv/iptv4.txt
2026-06-07 19:42:44,198 - IPTVCollector - INFO - 🔄 源有更新，拉取: https://raw.githubusercontent.com/zzgpy1/iptv-api/master/output/result.txt
2026-06-07 19:42:44,198 - IPTVCollector - INFO - 🔄 源有更新，拉取: https://raw.githubusercontent.com/dogwalkerg/IPTV-collect-tv-txt/main/others_output.txt
2026-06-07 19:42:44,198 - IPTVCollector - INFO - 🔄 源有更新，拉取: https://raw.githubusercontent.com/zzgpy1/Collect-IPTV/main/best_sorted.m3u
2026-06-07 19:42:44,198 - IPTVCollector - INFO - 🔄 源有更新，拉取: https://raw.githubusercontent.com/YueChan/Live/main/IPTV.m3u
2026-06-07 19:42:44,198 - IPTVCollector - INFO - 🔄 源有更新，拉取: https://raw.githubusercontent.com/fanmingming/live/main/tv/m3u/ipv6.m3u
2026-06-07 19:42:44,199 - IPTVCollector - INFO - 🔄 源有更新，拉取: https://raw.githubusercontent.com/Kimentanm/aptv/master/m3u/iptv.m3u
2026-06-07 19:42:44,199 - IPTVCollector - INFO - 🔄 源有更新，拉取: https://tv.19860519.xyz/abc123
2026-06-07 19:42:44,769 - IPTVCollector - INFO - 📊 原始频道数（去重后）: 1440
2026-06-07 19:42:45,126 - IPTVCollector - INFO - ⚡ 测速: 776 个新频道需探测，664 个来自缓存
2026-06-07 19:48:33,789 - IPTVCollector - INFO - ✅ 测速完成，有效频道 701/1440
2026-06-07 19:48:33,790 - IPTVCollector - INFO - 📊 通过HTTP测速的频道数: 701
2026-06-07 19:48:33,996 - IPTVCollector - INFO - 🔍 ffmpeg 深度验证: 79 个需要验证，622 个来自缓存
2026-06-07 19:50:04,367 - IPTVCollector - INFO - 🔍 ffmpeg 深度验证完成，通过 653/701 个频道
2026-06-07 19:50:04,367 - IPTVCollector - INFO - 📊 通过ffmpeg深度验证的频道数: 653
2026-06-07 19:50:05,070 - IPTVCollector - INFO - 💾 已保存 653 个频道源到数据库缓存
2026-06-07 19:50:05,075 - IPTVCollector - INFO - 📊 合并后的频道数: 610
2026-06-07 19:50:05,079 - IPTVCollector - INFO - 📊 黑名单过滤后: 591 (减少 19)
2026-06-07 19:50:05,324 - IPTVCollector - INFO - 📊 Demo筛选后: 405 (减少 186)
2026-06-07 19:50:05,324 - IPTVCollector - INFO - 📝 未匹配频道示例（前20个，用于调试）：
2026-06-07 19:50:05,324 - IPTVCollector - INFO -   1. 春晚1986 (分类: 其他)
2026-06-07 19:50:05,324 - IPTVCollector - INFO -   2. 春晚1987 (分类: 其他)
2026-06-07 19:50:05,324 - IPTVCollector - INFO -   3. 春晚1989 (分类: 其他)
2026-06-07 19:50:05,324 - IPTVCollector - INFO -   4. 春晚1993 (分类: 其他)
2026-06-07 19:50:05,325 - IPTVCollector - INFO -   5. 春晚1994 (分类: 其他)
2026-06-07 19:50:05,325 - IPTVCollector - INFO -   6. 春晚1995 (分类: 其他)
2026-06-07 19:50:05,325 - IPTVCollector - INFO -   7. 春晚2000 (分类: 其他)
2026-06-07 19:50:05,325 - IPTVCollector - INFO -   8. 春晚2003 (分类: 其他)
2026-06-07 19:50:05,325 - IPTVCollector - INFO -   9. 春晚2004 (分类: 其他)
2026-06-07 19:50:05,325 - IPTVCollector - INFO -   10. 春晚2005 (分类: 其他)
2026-06-07 19:50:05,325 - IPTVCollector - INFO -   11. 春晚2006 (分类: 其他)
2026-06-07 19:50:05,325 - IPTVCollector - INFO -   12. 春晚2010 (分类: 其他)
2026-06-07 19:50:05,325 - IPTVCollector - INFO -   13. 春晚2011 (分类: 其他)
2026-06-07 19:50:05,325 - IPTVCollector - INFO -   14. 春晚2013 (分类: 其他)
2026-06-07 19:50:05,325 - IPTVCollector - INFO -   15. 春晚2014 (分类: 其他)
2026-06-07 19:50:05,325 - IPTVCollector - INFO -   16. 春晚2015 (分类: 其他)
2026-06-07 19:50:05,326 - IPTVCollector - INFO -   17. 春晚2017 (分类: 其他)
2026-06-07 19:50:05,326 - IPTVCollector - INFO -   18. 春晚2018 (分类: 其他)
2026-06-07 19:50:05,326 - IPTVCollector - INFO -   19. 春晚2019 (分类: 其他)
2026-06-07 19:50:05,326 - IPTVCollector - INFO -   20. 春晚2021 (分类: 其他)
2026-06-07 19:50:05,330 - IPTVCollector - INFO - 
🎉 最终有效频道分类统计：
2026-06-07 19:50:05,331 - IPTVCollector - INFO -   央视: 20 个频道
2026-06-07 19:50:05,331 - IPTVCollector - INFO -   其他: 148 个频道
2026-06-07 19:50:05,331 - IPTVCollector - INFO -   卫视: 35 个频道
2026-06-07 19:50:05,331 - IPTVCollector - INFO -   港澳台: 50 个频道
2026-06-07 19:50:05,331 - IPTVCollector - INFO -   地方: 152 个频道
2026-06-07 19:50:05,332 - IPTVCollector - INFO - ✅ M3U 文件已生成: /home/runner/work/ITV/ITV/output/tv.m3u
2026-06-07 19:50:05,332 - IPTVCollector - INFO - ✅ TXT 文件已生成: /home/runner/work/ITV/ITV/output/tv.txt
2026-06-07 19:50:05,332 - IPTVCollector - INFO - 🎉 完成！有效频道总数: 405
2026-06-07 19:50:05,332 - IPTVCollector - INFO - 📊 统计信息已保存至 /home/runner/work/ITV/ITV/output/stats.json
