2026-07-05 16:43:50,193 - IPTVCollector - INFO - 🔀 根据 AUTONOMOUS_MODE=true 启用自治模式（先采集测速，再自治优化）
2026-07-05 16:43:50,193 - IPTVCollector - INFO - 🚀 IPTV 智能整理平台启动 (传统模式)
2026-07-05 16:43:50,193 - IPTVCollector - INFO - 📡 配置：超时=8s, 并发=20, ffmpeg=True
2026-07-05 16:43:50,193 - IPTVCollector - INFO - 📋 增强过滤: demo=True, alias=True, blacklist=True
2026-07-05 16:43:50,210 - IPTVCollector - INFO - ✅ 数据库缓存已启用: /home/runner/work/ITV/ITV/src/data/iptv_cache.db
2026-07-05 16:43:50,210 - IPTVCollector - WARNING - ⚠️ Demo 文件不存在: /home/runner/work/ITV/ITV/src/demo.txt
2026-07-05 16:43:50,210 - IPTVCollector - INFO - 📋 Demo 顺序: 0 个频道
2026-07-05 16:43:50,211 - IPTVCollector - INFO - 📊 首次运行，执行完整采集
2026-07-05 16:43:50,213 - IPTVCollector - INFO - 🔄 拉取: https://raw.githubusercontent.com/iptv-org/iptv/refs/heads/master/streams/cn.m3u
2026-07-05 16:43:50,213 - IPTVCollector - INFO - 🔄 拉取: https://raw.githubusercontent.com/vbskycn/iptv/master/tv/iptv4.txt
2026-07-05 16:43:50,213 - IPTVCollector - INFO - 🔄 拉取: https://raw.githubusercontent.com/zzgpy1/iptv-api/master/output/result.txt
2026-07-05 16:43:50,213 - IPTVCollector - INFO - 🔄 拉取: https://raw.githubusercontent.com/zzgpy1/Collect-IPTV/main/best_sorted.m3u
2026-07-05 16:43:50,214 - IPTVCollector - INFO - 🔄 拉取: https://raw.githubusercontent.com/zzgpy1/ipv6-iptv/master/tv/iptv4.txt
2026-07-05 16:43:50,214 - IPTVCollector - INFO - 🔄 拉取: https://raw.githubusercontent.com/CCSH/IPTV/refs/heads/main/live.txt
2026-07-05 16:43:50,215 - IPTVCollector - INFO - 🔄 拉取: https://raw.githubusercontent.com/kakaxi-1/IPTV/main/iptv.txt
2026-07-05 16:43:50,215 - IPTVCollector - INFO - 🔄 拉取: https://tv.19860519.xyz/abc123
2026-07-05 16:43:50,514 - IPTVCollector - INFO - 🔍 开始 HTTP 测速...
2026-07-05 16:46:14,723 - IPTVCollector - INFO - 📊 通过HTTP测速的频道数: 501
2026-07-05 16:46:14,723 - IPTVCollector - INFO - 🎬 开始 ffmpeg 深度验证...
2026-07-05 16:46:14,914 - IPTVCollector - INFO - 📌 CCTV-1 已设为固定源 (自动优化: True)
2026-07-05 16:46:14,914 - IPTVCollector - INFO - 📌 添加固定源: CCTV-1 -> http://69.30.245.50/live/cctv1.m3u8
2026-07-05 16:46:14,915 - IPTVCollector - INFO - 📌 CCTV-2 已设为固定源 (自动优化: True)
2026-07-05 16:46:14,915 - IPTVCollector - INFO - 📌 添加固定源: CCTV-2 -> http://69.30.245.50/live/cctv2.m3u8
2026-07-05 16:46:14,915 - IPTVCollector - INFO - 📌 CCTV-3 已设为固定源 (自动优化: True)
2026-07-05 16:46:14,915 - IPTVCollector - INFO - 📌 添加固定源: CCTV-3 -> http://69.30.245.50/live/cctv3.m3u8
2026-07-05 16:46:14,915 - IPTVCollector - INFO - 📌 CCTV-4 已设为固定源 (自动优化: True)
2026-07-05 16:46:14,916 - IPTVCollector - INFO - 📌 添加固定源: CCTV-4 -> http://69.30.245.50/live/cctv4.m3u8
2026-07-05 16:46:14,916 - IPTVCollector - INFO - 📌 CCTV-5 已设为固定源 (自动优化: True)
2026-07-05 16:46:14,916 - IPTVCollector - INFO - 📌 添加固定源: CCTV-5 -> http://69.30.245.50/live/cctv5.m3u8
2026-07-05 16:46:14,916 - IPTVCollector - INFO - 📌 CCTV-5+ 已设为固定源 (自动优化: True)
2026-07-05 16:46:14,916 - IPTVCollector - INFO - 📌 添加固定源: CCTV-5+ -> http://45.192.97.170:8880/play/6.m3u8
2026-07-05 16:46:14,917 - IPTVCollector - INFO - 📌 CCTV-6 已设为固定源 (自动优化: True)
2026-07-05 16:46:14,917 - IPTVCollector - INFO - 📌 添加固定源: CCTV-6 -> http://69.30.245.50/live/cctv6.m3u8
2026-07-05 16:46:14,917 - IPTVCollector - INFO - 📌 CCTV-7 已设为固定源 (自动优化: True)
2026-07-05 16:46:14,917 - IPTVCollector - INFO - 📌 添加固定源: CCTV-7 -> http://69.30.245.50/live/cctv7.m3u8
2026-07-05 16:46:14,918 - IPTVCollector - INFO - 📌 CCTV-8 已设为固定源 (自动优化: True)
2026-07-05 16:46:14,918 - IPTVCollector - INFO - 📌 添加固定源: CCTV-8 -> http://69.30.245.50/live/cctv8.m3u8
2026-07-05 16:46:14,918 - IPTVCollector - INFO - 📌 CCTV-9 已设为固定源 (自动优化: True)
2026-07-05 16:46:14,918 - IPTVCollector - INFO - 📌 添加固定源: CCTV-9 -> http://69.30.245.50/live/cctv9.m3u8
2026-07-05 16:46:14,918 - IPTVCollector - INFO - 📌 CCTV-10 已设为固定源 (自动优化: True)
2026-07-05 16:46:14,919 - IPTVCollector - INFO - 📌 添加固定源: CCTV-10 -> http://69.30.245.50/live/cctv10.m3u8
2026-07-05 16:46:14,919 - IPTVCollector - INFO - 📌 CCTV-11 已设为固定源 (自动优化: True)
2026-07-05 16:46:14,919 - IPTVCollector - INFO - 📌 添加固定源: CCTV-11 -> http://45.192.97.170:8880/play/12.m3u8
2026-07-05 16:46:14,919 - IPTVCollector - INFO - 📌 CCTV-12 已设为固定源 (自动优化: True)
2026-07-05 16:46:14,920 - IPTVCollector - INFO - 📌 添加固定源: CCTV-12 -> http://45.192.97.170:8880/play/13.m3u8
2026-07-05 16:46:14,920 - IPTVCollector - INFO - 📌 CCTV-13 已设为固定源 (自动优化: True)
2026-07-05 16:46:14,920 - IPTVCollector - INFO - 📌 添加固定源: CCTV-13 -> http://45.192.97.170:8880/play/14.m3u8
2026-07-05 16:46:14,920 - IPTVCollector - INFO - 📌 CCTV-14 已设为固定源 (自动优化: True)
2026-07-05 16:46:14,921 - IPTVCollector - INFO - 📌 添加固定源: CCTV-14 -> http://45.192.97.170:8880/play/15.m3u8
2026-07-05 16:46:14,921 - IPTVCollector - INFO - 📌 CCTV-15 已设为固定源 (自动优化: True)
2026-07-05 16:46:14,921 - IPTVCollector - INFO - 📌 添加固定源: CCTV-15 -> http://45.192.97.170:8880/play/16.m3u8
2026-07-05 16:46:14,922 - IPTVCollector - INFO - 📌 CCTV-16 已设为固定源 (自动优化: True)
2026-07-05 16:46:14,922 - IPTVCollector - INFO - 📌 添加固定源: CCTV-16 -> http://183.11.239.36:808/hls/169/index.m3u8
2026-07-05 16:46:14,922 - IPTVCollector - INFO - 📌 CCTV-17 已设为固定源 (自动优化: True)
2026-07-05 16:46:14,922 - IPTVCollector - INFO - 📌 添加固定源: CCTV-17 -> http://45.192.97.170:8880/play/17.m3u8
2026-07-05 16:46:14,923 - IPTVCollector - INFO - 📌 CCTV4欧洲 已设为固定源 (自动优化: True)
2026-07-05 16:46:14,923 - IPTVCollector - INFO - 📌 添加固定源: CCTV4欧洲 -> http://45.192.97.170:8880/play/18.m3u8
2026-07-05 16:46:14,924 - IPTVCollector - INFO - 📌 CCTV4美洲 已设为固定源 (自动优化: True)
2026-07-05 16:46:14,924 - IPTVCollector - INFO - 📌 添加固定源: CCTV4美洲 -> http://45.192.97.170:8880/play/19.m3u8
2026-07-05 16:46:17,062 - IPTVCollector - INFO - 🔍 ffmpeg 深度验证: 500 个需验证，0 个来自缓存，1 个仅HTTP通过
2026-07-05 16:46:17,062 - IPTVCollector - INFO -   🎬 开始 ffprobe 验证 500 个频道...
2026-07-05 16:47:05,832 - IPTVCollector - INFO -   🎬 验证进度: 50/500 (10%) - 通过: 43 - 速度: 1.0频道/秒
2026-07-05 16:47:45,076 - IPTVCollector - INFO -   🎬 验证进度: 100/500 (20%) - 通过: 87 - 速度: 1.1频道/秒
2026-07-05 16:48:25,834 - IPTVCollector - INFO -   🎬 验证进度: 150/500 (30%) - 通过: 131 - 速度: 1.2频道/秒
2026-07-05 16:49:04,584 - IPTVCollector - INFO -   🎬 验证进度: 200/500 (40%) - 通过: 177 - 速度: 1.2频道/秒
2026-07-05 16:49:47,487 - IPTVCollector - INFO -   🎬 验证进度: 250/500 (50%) - 通过: 215 - 速度: 1.2频道/秒
2026-07-05 16:50:31,326 - IPTVCollector - INFO -   🎬 验证进度: 300/500 (60%) - 通过: 255 - 速度: 1.2频道/秒
2026-07-05 16:51:06,761 - IPTVCollector - INFO -   🎬 验证进度: 350/500 (70%) - 通过: 297 - 速度: 1.2频道/秒
2026-07-05 16:51:51,102 - IPTVCollector - INFO -   🎬 验证进度: 400/500 (80%) - 通过: 330 - 速度: 1.2频道/秒
2026-07-05 16:52:38,427 - IPTVCollector - INFO -   🎬 验证进度: 450/500 (90%) - 通过: 365 - 速度: 1.2频道/秒
2026-07-05 16:53:23,105 - IPTVCollector - INFO -   🎬 验证进度: 500/500 (100%) - 通过: 401 - 速度: 1.2频道/秒
2026-07-05 16:53:23,105 - IPTVCollector - INFO - ✅ ffmpeg 验证完成: 通过 402/501 个频道
2026-07-05 16:53:23,105 - IPTVCollector - INFO - 📊 通过ffmpeg验证的频道数: 402
2026-07-05 16:53:23,145 - IPTVCollector - INFO - 📌 已使用 20 个固定优质源（含自动择优）
2026-07-05 16:53:23,145 - IPTVCollector - INFO - 📊 合并完成: 共 372 个频道，其中央视 18 个
2026-07-05 16:53:23,146 - IPTVCollector - INFO - 📊 合并后的频道数: 372
2026-07-05 16:53:23,164 - IPTVCollector - INFO - ✅ 加载 20 个稳定源
2026-07-05 16:53:23,180 - IPTVCollector - INFO - 📦 加载候选池: 2159 个候选源
2026-07-05 16:53:23,180 - IPTVCollector - INFO - 📊 黑名单过滤后: 372 (减少 0)
2026-07-05 16:53:23,181 - IPTVCollector - WARNING - ⚠️ Demo 文件不存在: /home/runner/work/ITV/ITV/src/demo.txt
2026-07-05 16:53:24,067 - IPTVCollector - INFO - ✅ 从新源解析到 3750 个频道
2026-07-05 16:53:24,068 - IPTVCollector - WARNING - ⚠️ 集成新源失败: name 'classify_hmtj_channel' is not defined
2026-07-05 16:53:24,069 - IPTVCollector - INFO - ✅ 加载 20 个稳定源
2026-07-05 16:53:24,070 - IPTVCollector - INFO - 🔄 使用稳定源覆盖了 17 个频道
2026-07-05 16:53:24,070 - IPTVCollector - INFO - 
🎉 最终有效频道分类统计：
2026-07-05 16:53:24,070 - IPTVCollector - INFO -   其他: 372 个频道
2026-07-05 16:53:24,070 - IPTVCollector - INFO - ✅ M3U 文件已生成: /home/runner/work/ITV/ITV/src/output/tv.m3u
2026-07-05 16:53:24,070 - IPTVCollector - INFO - ✅ TXT 文件已生成: /home/runner/work/ITV/ITV/src/output/tv.txt
2026-07-05 16:53:24,071 - IPTVCollector - INFO - ✅ 输出生成完成（仅 M3U 和 TXT）
2026-07-05 16:53:24,071 - IPTVCollector - INFO - 🧠 开始智能补充采集（从 abc123 源）...
2026-07-05 16:53:24,368 - IPTVCollector - INFO - 🔍 开始验证智能补充频道的可用性...
2026-07-05 16:54:02,931 - IPTVCollector - INFO -    📻 网络电台: 272/340 可用
2026-07-05 16:54:08,389 - IPTVCollector - INFO -    🎤 韩国女团: 112/113 可用
2026-07-05 16:54:13,275 - IPTVCollector - INFO -    🔥 热门歌曲: 119/119 可用
2026-07-05 16:54:16,962 - IPTVCollector - INFO -    🎧 动感舞曲: 41/41 可用
2026-07-05 16:54:21,462 - IPTVCollector - INFO -    💃 广场舞: 182/201 可用
2026-07-05 16:54:21,462 - IPTVCollector - INFO - 📊 验证完成: 726/814 个频道可用
2026-07-05 16:54:21,462 - IPTVCollector - INFO - 📊 智能补充统计: 共 726 个有效频道
2026-07-05 16:54:21,462 - IPTVCollector - INFO -    📻 网络电台: 272 个频道
2026-07-05 16:54:21,462 - IPTVCollector - INFO -    🎤 韩国女团: 112 个频道
2026-07-05 16:54:21,462 - IPTVCollector - INFO -    🔥 热门歌曲: 119 个频道
2026-07-05 16:54:21,463 - IPTVCollector - INFO -    🎧 动感舞曲: 41 个频道
2026-07-05 16:54:21,463 - IPTVCollector - INFO -    💃 广场舞: 182 个频道
2026-07-05 16:54:21,464 - IPTVCollector - INFO - ✅ 已将 726 个智能补充频道追加到输出文件
2026-07-05 16:54:21,464 - IPTVCollector - INFO - 🎉 智能补充分类内容已追加到输出文件
2026-07-05 16:54:21,464 - IPTVCollector - INFO - 🎉 完成！有效频道总数: 372
2026-07-05 16:54:21,465 - IPTVCollector - INFO - ============================================================
2026-07-05 16:54:21,465 - IPTVCollector - INFO - 🤖 IPTV 自治系统启动 (观察并提升候选源)
2026-07-05 16:54:21,465 - IPTVCollector - INFO - ⏭️ 跳过发现阶段，仅执行观察和提升
2026-07-05 16:54:21,466 - IPTVCollector - INFO - ============================================================
2026-07-05 16:54:21,491 - IPTVCollector - INFO - 📦 加载候选池: 2159 个候选源
2026-07-05 16:54:21,491 - IPTVCollector - INFO - ✅ 加载 20 个稳定源
2026-07-05 16:54:21,492 - IPTVCollector - INFO - 🚀 IPTV 自治系统启动
2026-07-05 16:54:21,492 - IPTVCollector - INFO - 📊 配置: 每批发现 5000 个，每批观察 3000 个
2026-07-05 16:54:21,492 - IPTVCollector - INFO - 📌 只处理国内频道，国外频道自动过滤
2026-07-05 16:54:21,492 - IPTVCollector - INFO - ⏭️ 跳过发现阶段（使用已有源池）
2026-07-05 16:54:21,494 - IPTVCollector - INFO - ✅ 数据库缓存已启用: /home/runner/work/ITV/ITV/src/data/iptv_cache.db
2026-07-05 16:54:21,494 - IPTVCollector - INFO - ⏭️ 跳过发现阶段
2026-07-05 16:54:21,494 - IPTVCollector - INFO - ==================================================
2026-07-05 16:54:21,494 - IPTVCollector - INFO - 阶段2: 从缓存观察候选源
2026-07-05 16:54:21,494 - IPTVCollector - INFO - ==================================================
2026-07-05 16:54:21,495 - IPTVCollector - INFO - 📊 候选池状态: 1890 个正在观察，181 个已稳定
2026-07-05 16:54:21,496 - IPTVCollector - INFO - 🔍 本次观察 1890 个候选源（共 1890 个待观察）...
2026-07-05 16:54:21,498 - IPTVCollector - INFO -   📊 观察进度: 100/1890，稳定 0 个
2026-07-05 16:54:21,498 - IPTVCollector - INFO -   📊 观察进度: 200/1890，稳定 0 个
2026-07-05 16:54:21,498 - IPTVCollector - INFO -   📊 观察进度: 300/1890，稳定 0 个
2026-07-05 16:54:21,498 - IPTVCollector - INFO -   📊 观察进度: 400/1890，稳定 0 个
2026-07-05 16:54:21,498 - IPTVCollector - INFO -   📊 观察进度: 500/1890，稳定 0 个
2026-07-05 16:54:21,498 - IPTVCollector - INFO -   📊 观察进度: 600/1890，稳定 0 个
2026-07-05 16:54:21,498 - IPTVCollector - INFO -   📊 观察进度: 700/1890，稳定 0 个
2026-07-05 16:54:21,498 - IPTVCollector - INFO -   📊 观察进度: 800/1890，稳定 0 个
2026-07-05 16:54:21,498 - IPTVCollector - INFO -   📊 观察进度: 900/1890，稳定 0 个
2026-07-05 16:54:21,498 - IPTVCollector - INFO -   📊 观察进度: 1000/1890，稳定 0 个
2026-07-05 16:54:21,499 - IPTVCollector - INFO -   📊 观察进度: 1100/1890，稳定 0 个
2026-07-05 16:54:21,499 - IPTVCollector - INFO -   📊 观察进度: 1200/1890，稳定 0 个
2026-07-05 16:54:21,499 - IPTVCollector - INFO -   📊 观察进度: 1300/1890，稳定 0 个
2026-07-05 16:54:21,499 - IPTVCollector - INFO -   📊 观察进度: 1400/1890，稳定 0 个
2026-07-05 16:54:21,499 - IPTVCollector - INFO -   📊 观察进度: 1500/1890，稳定 0 个
2026-07-05 16:54:21,499 - IPTVCollector - INFO -   📊 观察进度: 1600/1890，稳定 0 个
2026-07-05 16:54:21,499 - IPTVCollector - INFO -   📊 观察进度: 1700/1890，稳定 0 个
2026-07-05 16:54:21,499 - IPTVCollector - INFO -   📊 观察进度: 1800/1890，稳定 0 个
2026-07-05 16:54:21,499 - IPTVCollector - INFO - 📊 本批次无新稳定源
2026-07-05 16:54:21,500 - IPTVCollector - INFO - ✅ 观察阶段完成: 0 个源达到稳定标准
2026-07-05 16:54:21,500 - IPTVCollector - INFO - ==================================================
2026-07-05 16:54:21,500 - IPTVCollector - INFO - 阶段3: 提升稳定源
2026-07-05 16:54:21,500 - IPTVCollector - INFO - ==================================================
2026-07-05 16:54:21,500 - IPTVCollector - INFO - 📭 没有稳定的候选源需要提升
2026-07-05 16:54:21,506 - IPTVCollector - INFO - ==================================================
2026-07-05 16:54:21,506 - IPTVCollector - INFO - 📊 自治模式统计
2026-07-05 16:54:21,506 - IPTVCollector - INFO - ==================================================
2026-07-05 16:54:21,507 - IPTVCollector - INFO -   源池总数: 0
2026-07-05 16:54:21,508 - IPTVCollector - INFO -   候选池总数: 2159
2026-07-05 16:54:21,508 - IPTVCollector - INFO -   候选池观察中: 1890
2026-07-05 16:54:21,509 - IPTVCollector - INFO -   本次新提升: 0
2026-07-05 16:54:21,509 - IPTVCollector - INFO -   累计提升: 0
2026-07-05 16:54:21,509 - IPTVCollector - INFO - ============================================================
2026-07-05 16:54:21,509 - IPTVCollector - INFO - 📊 自治模式完成: 新提升 0 个稳定源
